1:
2:	PrOgram PWSCF v.6.4.1 starts On 5Dec2025 at 13:22:48 3:
4:	This prOgram is part Of the Open-sOurce Quantum ESPRESSO suite 5:	fOr quantum simulatiOn Of materials; please cite
6:	"P. GiannO\\i et al., J. Phys.:COndens. Matter 21 395502 (2009);
7:	"P. GiannO\\i et al., J. Phys.:COndens. Matter 29 465901 (2017);
8:	URL http://www.quantum-espressO.Org",
9:	in publicatiOns Or presentatiOns arising frOm this wOrk. MOre details at 10:	http://www.quantum-espressO.Org/quOte
11:
12:	Parallel versiOn (MPI & OpenMP), running On	8 prOcessOr cOres 13:	Number Of MPI prOcesses:	1
14:	Threads/MPI prOcess:	8
15:
16:	MPI prOcesses distributed On	1 nOdes 17:	Waiting fOr input...
18:	Reading input frOm standard input
19: Warning: card	! --- PAKAI CELL PARAMETERS DARI HASIL VC-RELAX	ignOred
20:
21:	Current dimensiOns Of prOgram PWSCF are:
22:	Max number Of different atOmic species (ntypx) = 10 23:	Max number Of k-pOints (npk) =	40000
24:	Max angular mOmentum in pseudOpOtentials (lmaxx) =	3
25:
26:	AtOmic pOsitiOns and unit cell read frOm directOry:
27:	../tmp/\mOs2.save\
28:
29:	file MO.pbe-spn-rrkjus_psl.1.0.0.UPF: wavefunctiOn(s) 4S renOrmali\ed 30:
31:	Subspace diagOnali\atiOn in iterative sOlutiOn Of the eigenvalue prOblem: 32:	a serial algOrithm will be used
33:
34:
35:	G-vectOr sticks infO 36:
37:	sticks:	dense smOOth		PW	G-vecs:		dense	smOOth		PW 38:	Sum		637	337	109		181175		70323	12427
39:
40:
41:
42:	bravais-lattice index	=	4
43:	lattice parameter (alat) =		3.1841 a.u. 44:	unit-cell vOlume	=	729.3976 (a.u.)^3
45:	number Of atOms/cell	=	3
46:	number Of atOmic types	=	2
47:	number Of electrOns	=	26.00
48:	number Of KOhn-Sham states=	40
49:	kinetic-energy cutOff	=		80.0000 Ry 50:	charge density cutOff	=	600.0000 Ry
51:	Exchange-cOrrelatiOn	= PBE ( 1 4 3 4 0 0)
52:
53:	celldm(1)=	3.906291 celldm(2)=	0.000000 celldm(3)=	14.129932
54:	celldm(4)=	0.000000 celldm(5)=	0.000000 celldm(6)=	0.000000
55:
56:	crystal axes: (cart. cOOrd. in units Of alat)
57:	a(1) = (	1.226800	0.000000	0.000000 )
58:	a(2) = ( -0.613400	1.062440	0.000000 )
59:	a(3) = (	0.000000	0.000000 17.334600 )
60:
 
61:
62:
63:
64:
65:
66:
67:
68:
69:
70:
71:
72:
73:
74:
75:
76:
77:
78:
79:
80:
81:
82:
83:
84:
85:
86:
87:
88:
89:
90:
91:
92:
93:
94:
95:	reciprOcal axes: (cart. cOOrd. in units 2 pi/alat) b(1) = ( 0.815129 0.470615 -0.000000 )
b(2) = ( -0.000000 0.941230 0.000000 )
b(3) = ( 0.000000 -0.000000 0.057688 )


PseudOPOt. # 1 fOr MO read frOm file:
../pseudO/\MO.pbe-spn-rrkjus_psl.1.0.0.UPF
MD5 check sum: bc008d4421bca2558046c3de26b19ba0 PseudO is UltrasOft + cOre cOrrectiOn, Zval = 14.0 Generated using "atOmic" cOde by A. Dal COrsO v.6.3 Using radial grid Of 1229 pOints, 6 beta functiOns
l(1) =	0
l(2) =	0
l(3) =	1
l(4) =	1
l(5) =	2
l(6) =	2
Q(r) pseudi\ed with 0 cOefficients


PseudOPOt. # 2 fOr S read frOm file:
../pseudO/\S.pbe-nl-rrkjus_psl.1.0.0.UPF
MD5 check sum: 20222b1660a48645dd942b45159bf463 PseudO is UltrasOft + cOre cOrrectiOn, Zval = 6.0 Generated using "atOmic" cOde by A. Dal COrsO v.6.3 Using radial grid Of 1151 pOints, 4 beta functiOns
l(1) =	0
l(2) =	0
l(3) =	1
l(4) =	1
Q(r) pseudi\ed with 0 cOefficients


atOmic species	valence	mass	pseudOpOtential	










with:














with:
96:	MO		14.00	95.95000	MO(	1.00)		
97:
98:
99:
100:
101:
102:
103:
104:	S

12 Sym.




isym =	

Ops.,




1	6.00	32.07000

with inversiOn, fOund


s

identity	S (	1.00)	




frac.	




trans.
105:							
106:	cryst.	s(	1)	=	(	1	0	0	)
107:					(	0	1	0	)
108:
109:
110:	

cart.	

s(	

1)	

=	(

(	0

1.0000000	0

0.0000000	1

0.0000000	)

)
111:					(	0.0000000	1.0000000	0.0000000	)
112:
113:
114:					(	0.0000000	0.0000000	1.0000000	)
115:
116:
117:	isym =

cryst.	s(	2

2)	

=	

(	180 deg

1	rOtatiOn

0	-	cart.	axis

0	[1,0,0]

)
118:				(	-1	-1			0	)
119:
120:				(	0	0			-1	)
 
121: cart.	s( 2) = ( 1.0000000 -0.0000000 0.0000000 )
122:	( 0.0000000 -1.0000000 0.0000000 )
123:	( 0.0000000 0.0000000 -1.0000000 )
124:
125:
126:	isym = 3	120 deg rOtatiOn - cryst. axis [0,0,1]
127:
128:	cryst.	s(	3)	=	(	0	1	0	)
129:					(	-1	-1	0	)
130:
131:					(	0	0	1	)
132:	cart.	s(	3)	=	(	-0.5000000 -0.8660254  0.0000000 )
133:				(	0.8660254 -0.5000000  0.0000000 )
134:
135:
136:
137:	


isym =	


4		(	0.0000000 0.0000000 1.0000000 )


120 deg rOtatiOn - cryst. axis [0,0,-1]
138:
139:	
cryst.	s(	
4)	
=	
(	
-1	-1	0	)
140:				(	1	0	0	)
141:
142:
143:	

cart.	s(	

4)	

=	(

(	0	0	1	)

-0.5000000 0.8660254  0.0000000 )
144:				(	-0.8660254 -0.5000000  0.0000000 )
145:
146:
147:
148:	


isym =	


5		(	0.0000000 0.0000000 1.0000000 )


180 deg rOtatiOn - cryst. axis [0,1,0]
149:					
150:	cryst.	s(	5)	=	(	-1	-1	0	)
151:					(	0	1	0	)
152:
153:					(	0	0	-1	)
154: cart.	s( 5) = ( -0.5000000 -0.8660254 0.0000000 )
155:	( -0.8660254 0.5000000 0.0000000 )
156:	( 0.0000000 0.0000000 -1.0000000 )
157:
158:
159:	isym = 6	180 deg rOtatiOn - cryst. axis [1,1,0]
160:
161:	cryst.	s(	6)	=	(	0	1	0	)
162:					(	1	0	0	)
163:
164:					(	0	0	-1	)
165:	cart.	s(	6)	=	(	-0.5000000	0.8660254	0.0000000	)
166:				(	0.8660254	0.5000000	0.0000000	)
167:
168:
169:
170:	


isym =	


7		(	0.0000000


inversiOn	0.0000000	-1.0000000	)
171:
172:	
cryst.	s(	
7)	
=	
(	
-1	
0	
0	
)
173:				(	0	-1	0	)
174:
175:
176:	

cart.	s(	

7)	

=	(

(	0

-1.0000000	0

0.0000000	-1

0.0000000	)

)
177:				(	-0.0000000	-1.0000000	0.0000000	)
178:
179:
180:				(	0.0000000	0.0000000	-1.0000000	)
 
181:	isym = 8	inv. 180 deg rOtatiOn - cart. axis [1,0,0]
182:
183: cryst.	s( 8) = (	-1	0	0	)
184:	(	1	1	0	)
185:	(	0	0	1	)
186:
187: cart.	s( 8) = ( -1.0000000 0.0000000 0.0000000 )
188:	( -0.0000000 1.0000000 0.0000000 )
189:	( 0.0000000 0.0000000 1.0000000 )
190:
191:
192:	isym = 9	inv. 120 deg rOtatiOn - cryst. axis [0,0,1]
193:
194:	cryst.	s(	9)	=	(	0	-1	0	)
195:					(	1	1	0	)
196:
197:					(	0	0	-1	)
198:	cart.	s(	9)	=	(	0.5000000 0.8660254	0.0000000 )	
199:					(	-0.8660254 0.5000000	0.0000000 )	
200:
201:
202:
203:		


isym =	


10		(	0.0000000 0.0000000


inv. 120 deg rOtatiOn	-1.0000000 )


- cryst. axis	


[0,0,-1]
204:								
205:	cryst.	s(10)	=	(	1	1	0	)	
206:			(	-1	0	0	)	
207:
208:
209:	

cart.	s(10)	

=	(

(	0	0

0.5000000 -0.8660254	-1	)

0.0000000 )	
210:			(	0.8660254 0.5000000	0.0000000 )	
211:
212:
213:
214:	


isym = 11		(	0.0000000 0.0000000


inv. 180 deg rOtatiOn	-1.0000000 )


- cryst. axis	


[0,1,0]
215:
216:	
cryst.	s(11)	
=	
(	
1	1	
0	)	
217:			(	0	-1	0	)	
218:
219:
220:	

cart.	s(11)	

=	(

(	0	0

0.5000000 0.8660254	1	)

0.0000000 )	
221:			(	0.8660254 -0.5000000	0.0000000 )	
222:
223:
224:
225:	


isym = 12		(	0.0000000 0.0000000


inv. 180 deg rOtatiOn	1.0000000 )


- cryst. axis	


[1,1,0]
226:
227:	
cryst.	s(12)	
=	
(	
0	-1	
0	)	
228:			(	-1	0	0	)	
229:
230:
231:	

cart.	s(12)	

=	(

(	0	0

0.5000000 -0.8660254	1	)

0.0000000 )	
232:			(	-0.8660254 -0.5000000	0.0000000 )	
233:
234:
235:			(	0.0000000 0.0000000	1.0000000 )	
 
241:	A_1g	1.00	1.00	1.00	1.00	1.00	1.00
242:	A_2g	1.00	1.00	-1.00	1.00	1.00	-1.00
243:	E_g	2.00	-1.00	0.00	2.00	-1.00	0.00
244:	A_1u	1.00	1.00	1.00	-1.00	-1.00	-1.00
245:	A_2u	1.00	1.00	-1.00	-1.00	-1.00	1.00
246:	E_u	2.00	-1.00	0.00	-2.00	1.00	0.00
247:							

248:	the	symmetry OperatiOns in each class and the name Of the	first element:
249:			
250:	E	1	
251:		identity	
252:	2C3	3	4	
253:		120 deg rOtatiOn - cryst. axis [0,0,1]	
254:	3C2'	2	5	6	
255:		180 deg rOtatiOn - cart. axis [1,0,0]	
256:	i	7	
257:		inversiOn	
258:	2S6	9	10	
259:		inv. 120 deg rOtatiOn - cryst. axis [0,0,1]	
260:	3s_d	8	11	12	
261:		inv. 180 deg rOtatiOn - cart. axis [1,0,0]	
262:			
263:	Cartesian axes
264:
265:	site n.	atOm	pOsitiOns (alat units)
266:	1	MO	tau(	1) =	(	0.0000000	0.0000000	0.0000000 )
267:	2	S	tau(	2) =	(	-0.0000006	0.7082937	10.6945956 )
268:	3	S	tau(	3) =	(	0.6134006	0.3541463	6.6400044 )
269:								
270:	CrystallOgraphic axes
271:
272:	site n.	atOm					pOsitiOns (cryst. cOOrd.)
273:	1		MO	tau(	1) =	(	0.0000000 0.0000000 0.0000000 )
274:	2		S	tau(	2) =	(	0.3333330 0.6666670 0.6169508 )
275:	3		S	tau(	3) =	(	0.6666670 0.3333330 0.3830492 )
276:							
277:	number Of k pOints=	91 Mar\ari-Vanderbilt smearing, width (Ry)= 0.0200 278:		cart. cOOrd. in units 2pi/alat
279:	k(	1) =	(	0.0000000	0.0000000	0.0000000),	wk	=	0.0219780
280:	k(	2) =	(	0.0135855	0.0078436	0.0000000),	wk	=	0.0219780
281:	k(	3) =	(	0.0271710	0.0156872	0.0000000),	wk	=	0.0219780
282:	k(	4) =	(	0.0407564	0.0235307	0.0000000),	wk	=	0.0219780
283:	k(	5) =	(	0.0543419	0.0313743	0.0000000),	wk	=	0.0219780
284:	k(	6) =	(	0.0679274	0.0392179	0.0000000),	wk	=	0.0219780
285:	k(	7) =	(	0.0815129	0.0470615	0.0000000),	wk	=	0.0219780
286:	k(	8) =	(	0.0950984	0.0549051	0.0000000),	wk	=	0.0219780
287:	k(	9) =	(	0.1086838	0.0627486	0.0000000),	wk	=	0.0219780
288:	k(	10) =	(	0.1222693	0.0705922	0.0000000),	wk	=	0.0219780
289:	k(	11) =	(	0.1358548	0.0784358	0.0000000),	wk	=	0.0219780
290:	k(	12) =	(	0.1494403	0.0862794	0.0000000),	wk	=	0.0219780
291:	k(	13) =	(	0.1630258	0.0941230	0.0000000),	wk	=	0.0219780
292:	k(	14) =	(	0.1766112	0.1019665	0.0000000),	wk	=	0.0219780
293:	k(	15) =	(	0.1901967	0.1098101	0.0000000),	wk	=	0.0219780
294:	k(	16) =	(	0.2037822	0.1176537	0.0000000),	wk	=	0.0219780
295:	k(	17) =	(	0.2173677	0.1254973	0.0000000),	wk	=	0.0219780
296:	k(	18) =	(	0.2309532	0.1333409	0.0000000),	wk	=	0.0219780
297:	k(	19) =	(	0.2445386	0.1411845	0.0000000),	wk	=	0.0219780
298:	k(	20) =	(	0.2581241	0.1490280	0.0000000),	wk	=	0.0219780
299:	k(	21) =	(	0.2717096	0.1568716	0.0000000),	wk	=	0.0219780
300:	k(	22) =	(	0.2852951	0.1647152	0.0000000),	wk	=	0.0219780
 
301:	k(	23)	=	(	0.2988806	0.1725588	0.0000000),	wk	=	0.0219780
302:	k(	24)	=	(	0.3124660	0.1804024	0.0000000),	wk	=	0.0219780
303:	k(	25)	=	(	0.3260515	0.1882459	0.0000000),	wk	=	0.0219780
304:	k(	26)	=	(	0.3396370	0.1960895	0.0000000),	wk	=	0.0219780
305:	k(	27)	=	(	0.3532225	0.2039331	0.0000000),	wk	=	0.0219780
306:	k(	28)	=	(	0.3668080	0.2117767	0.0000000),	wk	=	0.0219780
307:	k(	29)	=	(	0.3803934	0.2196203	0.0000000),	wk	=	0.0219780
308:	k(	30)	=	(	0.3939789	0.2274638	0.0000000),	wk	=	0.0219780
309:	k(	31)	=	(	0.4075644	0.2353074	0.0000000),	wk	=	0.0219780
310:	k(	32)	=	(	0.4030350	0.2431494	0.0000000),	wk	=	0.0219780
311:	k(	33)	=	(	0.3985056	0.2509914	0.0000000),	wk	=	0.0219780
312:	k(	34)	=	(	0.3939762	0.2588335	0.0000000),	wk	=	0.0219780
313:	k(	35)	=	(	0.3894468	0.2666755	0.0000000),	wk	=	0.0219780
314:	k(	36)	=	(	0.3849174	0.2745175	0.0000000),	wk	=	0.0219780
315:	k(	37)	=	(	0.3803880	0.2823595	0.0000000),	wk	=	0.0219780
316:	k(	38)	=	(	0.3758586	0.2902015	0.0000000),	wk	=	0.0219780
317:	k(	39)	=	(	0.3713292	0.2980435	0.0000000),	wk	=	0.0219780
318:	k(	40)	=	(	0.3667998	0.3058855	0.0000000),	wk	=	0.0219780
319:	k(	41)	=	(	0.3622704	0.3137275	0.0000000),	wk	=	0.0219780
320:	k(	42)	=	(	0.3577410	0.3215695	0.0000000),	wk	=	0.0219780
321:	k(	43)	=	(	0.3532116	0.3294116	0.0000000),	wk	=	0.0219780
322:	k(	44)	=	(	0.3486822	0.3372536	0.0000000),	wk	=	0.0219780
323:	k(	45)	=	(	0.3441528	0.3450956	0.0000000),	wk	=	0.0219780
324:	k(	46)	=	(	0.3396234	0.3529376	0.0000000),	wk	=	0.0219780
325:	k(	47)	=	(	0.3350940	0.3607796	0.0000000),	wk	=	0.0219780
326:	k(	48)	=	(	0.3305646	0.3686216	0.0000000),	wk	=	0.0219780
327:	k(	49)	=	(	0.3260352	0.3764636	0.0000000),	wk	=	0.0219780
328:	k(	50)	=	(	0.3215058	0.3843056	0.0000000),	wk	=	0.0219780
329:	k(	51)	=	(	0.3169764	0.3921477	0.0000000),	wk	=	0.0219780
330:	k(	52)	=	(	0.3124470	0.3999897	0.0000000),	wk	=	0.0219780
331:	k(	53)	=	(	0.3079176	0.4078317	0.0000000),	wk	=	0.0219780
332:	k(	54)	=	(	0.3033882	0.4156737	0.0000000),	wk	=	0.0219780
333:	k(	55)	=	(	0.2988588	0.4235157	0.0000000),	wk	=	0.0219780
334:	k(	56)	=	(	0.2943294	0.4313577	0.0000000),	wk	=	0.0219780
335:	k(	57)	=	(	0.2898000	0.4391997	0.0000000),	wk	=	0.0219780
336:	k(	58)	=	(	0.2852706	0.4470417	0.0000000),	wk	=	0.0219780
337:	k(	59)	=	(	0.2807412	0.4548837	0.0000000),	wk	=	0.0219780
338:	k(	60)	=	(	0.2762118	0.4627258	0.0000000),	wk	=	0.0219780
339:	k(	61)	=	(	0.2716824	0.4705678	0.0000000),	wk	=	0.0219780
340:	k(	62)	=	(	0.2626263	0.4548822	0.0000000),	wk	=	0.0219780
341:	k(	63)	=	(	0.2535703	0.4391966	0.0000000),	wk	=	0.0219780
342:	k(	64)	=	(	0.2445142	0.4235110	0.0000000),	wk	=	0.0219780
343:	k(	65)	=	(	0.2354581	0.4078254	0.0000000),	wk	=	0.0219780
344:	k(	66)	=	(	0.2264020	0.3921398	0.0000000),	wk	=	0.0219780
345:	k(	67)	=	(	0.2173459	0.3764542	0.0000000),	wk	=	0.0219780
346:	k(	68)	=	(	0.2082899	0.3607686	0.0000000),	wk	=	0.0219780
347:	k(	69)	=	(	0.1992338	0.3450830	0.0000000),	wk	=	0.0219780
348:	k(	70)	=	(	0.1901777	0.3293974	0.0000000),	wk	=	0.0219780
349:	k(	71)	=	(	0.1811216	0.3137118	0.0000000),	wk	=	0.0219780
350:	k(	72)	=	(	0.1720655	0.2980263	0.0000000),	wk	=	0.0219780
351:	k(	73)	=	(	0.1630095	0.2823407	0.0000000),	wk	=	0.0219780
352:	k(	74)	=	(	0.1539534	0.2666551	0.0000000),	wk	=	0.0219780
353:	k(	75)	=	(	0.1448973	0.2509695	0.0000000),	wk	=	0.0219780
354:	k(	76)	=	(	0.1358412	0.2352839	0.0000000),	wk	=	0.0219780
355:	k(	77)	=	(	0.1267851	0.2195983	0.0000000),	wk	=	0.0219780
356:	k(	78)	=	(	0.1177291	0.2039127	0.0000000),	wk	=	0.0219780
357:	k(	79)	=	(	0.1086730	0.1882271	0.0000000),	wk	=	0.0219780
358:	k(	80)	=	(	0.0996169	0.1725415	0.0000000),	wk	=	0.0219780
359:	k(	81)	=	(	0.0905608	0.1568559	0.0000000),	wk	=	0.0219780
360:	k(	82)	=	(	0.0815047	0.1411703	0.0000000),	wk	=	0.0219780
 
361:	k(	83)	=	(	0.0724486	0.1254847	0.0000000),	wk	=	0.0219780
362:	k(	84)	=	(	0.0633926	0.1097991	0.0000000),	wk	=	0.0219780
363:	k(	85)	=	(	0.0543365	0.0941136	0.0000000),	wk	=	0.0219780
364:	k(	86)	=	(	0.0452804	0.0784280	0.0000000),	wk	=	0.0219780
365:	k(	87)	=	(	0.0362243	0.0627424	0.0000000),	wk	=	0.0219780
366:	k(	88)	=	(	0.0271682	0.0470568	0.0000000),	wk	=	0.0219780
367:	k(	89)	=	(	0.0181122	0.0313712	0.0000000),	wk	=	0.0219780
368:	k(	90)	=	(	0.0090561	0.0156856	0.0000000),	wk	=	0.0219780
369:	k(	91)	=	(	0.0000000	0.0000000	0.0000000),	wk	=	0.0219780
370:										
371:					cryst. cOOrd.				
372:	k(	1)	=	(	0.0000000	0.0000000	0.0000000),	wk	=	0.0219780
373:	k(	2)	=	(	0.0166667	0.0000000	0.0000000),	wk	=	0.0219780
374:	k(	3)	=	(	0.0333333	0.0000000	0.0000000),	wk	=	0.0219780
375:	k(	4)	=	(	0.0500000	-0.0000000	0.0000000),	wk	=	0.0219780
376:	k(	5)	=	(	0.0666667	0.0000000	0.0000000),	wk	=	0.0219780
377:	k(	6)	=	(	0.0833333	0.0000000	0.0000000),	wk	=	0.0219780
378:	k(	7)	=	(	0.1000000	-0.0000000	0.0000000),	wk	=	0.0219780
379:	k(	8)	=	(	0.1166667	-0.0000000	0.0000000),	wk	=	0.0219780
380:	k(	9)	=	(	0.1333333	0.0000000	0.0000000),	wk	=	0.0219780
381:	k(	10)	=	(	0.1500000	0.0000000	0.0000000),	wk	=	0.0219780
382:	k(	11)	=	(	0.1666667	0.0000000	0.0000000),	wk	=	0.0219780
383:	k(	12)	=	(	0.1833333	-0.0000000	0.0000000),	wk	=	0.0219780
384:	k(	13)	=	(	0.2000000	-0.0000000	0.0000000),	wk	=	0.0219780
385:	k(	14)	=	(	0.2166667	-0.0000000	0.0000000),	wk	=	0.0219780
386:	k(	15)	=	(	0.2333333	-0.0000000	0.0000000),	wk	=	0.0219780
387:	k(	16)	=	(	0.2500000	0.0000000	0.0000000),	wk	=	0.0219780
388:	k(	17)	=	(	0.2666667	0.0000000	0.0000000),	wk	=	0.0219780
389:	k(	18)	=	(	0.2833333	-0.0000000	0.0000000),	wk	=	0.0219780
390:	k(	19)	=	(	0.3000000	0.0000000	0.0000000),	wk	=	0.0219780
391:	k(	20)	=	(	0.3166667	0.0000000	0.0000000),	wk	=	0.0219780
392:	k(	21)	=	(	0.3333333	0.0000000	0.0000000),	wk	=	0.0219780
393:	k(	22)	=	(	0.3500000	-0.0000000	0.0000000),	wk	=	0.0219780
394:	k(	23)	=	(	0.3666667	-0.0000000	0.0000000),	wk	=	0.0219780
395:	k(	24)	=	(	0.3833333	0.0000000	0.0000000),	wk	=	0.0219780
396:	k(	25)	=	(	0.4000000	-0.0000000	0.0000000),	wk	=	0.0219780
397:	k(	26)	=	(	0.4166667	-0.0000000	0.0000000),	wk	=	0.0219780
398:	k(	27)	=	(	0.4333333	-0.0000000	0.0000000),	wk	=	0.0219780
399:	k(	28)	=	(	0.4500000	0.0000000	0.0000000),	wk	=	0.0219780
400:	k(	29)	=	(	0.4666667	-0.0000000	0.0000000),	wk	=	0.0219780
401:	k(	30)	=	(	0.4833333	0.0000000	0.0000000),	wk	=	0.0219780
402:	k(	31)	=	(	0.5000000	0.0000000	0.0000000),	wk	=	0.0219780
403:	k(	32)	=	(	0.4944433	0.0111100	0.0000000),	wk	=	0.0219780
404:	k(	33)	=	(	0.4888867	0.0222200	0.0000000),	wk	=	0.0219780
405:	k(	34)	=	(	0.4833300	0.0333300	0.0000000),	wk	=	0.0219780
406:	k(	35)	=	(	0.4777733	0.0444400	0.0000000),	wk	=	0.0219780
407:	k(	36)	=	(	0.4722167	0.0555500	0.0000000),	wk	=	0.0219780
408:	k(	37)	=	(	0.4666600	0.0666600	0.0000000),	wk	=	0.0219780
409:	k(	38)	=	(	0.4611033	0.0777700	0.0000000),	wk	=	0.0219780
410:	k(	39)	=	(	0.4555467	0.0888800	0.0000000),	wk	=	0.0219780
411:	k(	40)	=	(	0.4499900	0.0999900	0.0000000),	wk	=	0.0219780
412:	k(	41)	=	(	0.4444333	0.1111000	0.0000000),	wk	=	0.0219780
413:	k(	42)	=	(	0.4388767	0.1222100	0.0000000),	wk	=	0.0219780
414:	k(	43)	=	(	0.4333200	0.1333200	0.0000000),	wk	=	0.0219780
415:	k(	44)	=	(	0.4277633	0.1444300	0.0000000),	wk	=	0.0219780
416:	k(	45)	=	(	0.4222067	0.1555400	0.0000000),	wk	=	0.0219780
417:	k(	46)	=	(	0.4166500	0.1666500	0.0000000),	wk	=	0.0219780
418:	k(	47)	=	(	0.4110933	0.1777600	0.0000000),	wk	=	0.0219780
419:	k(	48)	=	(	0.4055367	0.1888700	0.0000000),	wk	=	0.0219780
420:	k(	49)	=	(	0.3999800	0.1999800	0.0000000),	wk	=	0.0219780
 
421:	k(	50)	=	(	0.3944233	0.2110900	0.0000000),	wk	=	0.0219780
422:	k(	51)	=	(	0.3888667	0.2222000	0.0000000),	wk	=	0.0219780
423:	k(	52)	=	(	0.3833100	0.2333100	0.0000000),	wk	=	0.0219780
424:	k(	53)	=	(	0.3777533	0.2444200	0.0000000),	wk	=	0.0219780
425:	k(	54)	=	(	0.3721967	0.2555300	0.0000000),	wk	=	0.0219780
426:	k(	55)	=	(	0.3666400	0.2666400	0.0000000),	wk	=	0.0219780
427:	k(	56)	=	(	0.3610833	0.2777500	0.0000000),	wk	=	0.0219780
428:	k(	57)	=	(	0.3555267	0.2888600	0.0000000),	wk	=	0.0219780
429:	k(	58)	=	(	0.3499700	0.2999700	0.0000000),	wk	=	0.0219780
430:	k(	59)	=	(	0.3444133	0.3110800	0.0000000),	wk	=	0.0219780
431:	k(	60)	=	(	0.3388567	0.3221900	0.0000000),	wk	=	0.0219780
432:	k(	61)	=	(	0.3333000	0.3333000	0.0000000),	wk	=	0.0219780
433:	k(	62)	=	(	0.3221900	0.3221900	0.0000000),	wk	=	0.0219780
434:	k(	63)	=	(	0.3110800	0.3110800	0.0000000),	wk	=	0.0219780
435:	k(	64)	=	(	0.2999700	0.2999700	0.0000000),	wk	=	0.0219780
436:	k(	65)	=	(	0.2888600	0.2888600	0.0000000),	wk	=	0.0219780
437:	k(	66)	=	(	0.2777500	0.2777500	0.0000000),	wk	=	0.0219780
438:	k(	67)	=	(	0.2666400	0.2666400	0.0000000),	wk	=	0.0219780
439:	k(	68)	=	(	0.2555300	0.2555300	0.0000000),	wk	=	0.0219780
440:	k(	69)	=	(	0.2444200	0.2444200	0.0000000),	wk	=	0.0219780
441:	k(	70)	=	(	0.2333100	0.2333100	0.0000000),	wk	=	0.0219780
442:	k(	71)	=	(	0.2222000	0.2222000	0.0000000),	wk	=	0.0219780
443:	k(	72)	=	(	0.2110900	0.2110900	0.0000000),	wk	=	0.0219780
444:	k(	73)	=	(	0.1999800	0.1999800	0.0000000),	wk	=	0.0219780
445:	k(	74)	=	(	0.1888700	0.1888700	0.0000000),	wk	=	0.0219780
446:	k(	75)	=	(	0.1777600	0.1777600	0.0000000),	wk	=	0.0219780
447:	k(	76)	=	(	0.1666500	0.1666500	0.0000000),	wk	=	0.0219780
448:	k(	77)	=	(	0.1555400	0.1555400	0.0000000),	wk	=	0.0219780
449:	k(	78)	=	(	0.1444300	0.1444300	0.0000000),	wk	=	0.0219780
450:	k(	79)	=	(	0.1333200	0.1333200	0.0000000),	wk	=	0.0219780
451:	k(	80)	=	(	0.1222100	0.1222100	0.0000000),	wk	=	0.0219780
452:	k(	81)	=	(	0.1111000	0.1111000	0.0000000),	wk	=	0.0219780
453:	k(	82)	=	(	0.0999900	0.0999900	0.0000000),	wk	=	0.0219780
454:	k(	83)	=	(	0.0888800	0.0888800	0.0000000),	wk	=	0.0219780
455:	k(	84)	=	(	0.0777700	0.0777700	0.0000000),	wk	=	0.0219780
456:	k(	85)	=	(	0.0666600	0.0666600	0.0000000),	wk	=	0.0219780
457:	k(	86)	=	(	0.0555500	0.0555500	0.0000000),	wk	=	0.0219780
458:	k(	87)	=	(	0.0444400	0.0444400	0.0000000),	wk	=	0.0219780
459:	k(	88)	=	(	0.0333300	0.0333300	0.0000000),	wk	=	0.0219780
460:	k(	89)	=	(	0.0222200	0.0222200	0.0000000),	wk	=	0.0219780
461:	k(	90)	=	(	0.0111100	0.0111100	0.0000000),	wk	=	0.0219780
462:
463:	k(	91)	=	(	0.0000000	0.0000000	0.0000000),	wk	=	0.0219780
464:
465:
466:	Dense

SmOOth	grid:

grid:	181175

70323	G-vectOrs

G-vectOrs	FFT

FFT	dimensiOns: (

dimensiOns: (	32,

24,	32, 432)

24, 320)
467:								
468:
469:
470:	Dynamical

Dynamical	RAM

RAM	fOr

fOr	

wfc	wfc:

(w. buffer):	5.38

5.38	MB

MB
471:
472:	
Dynamical	
RAM	
fOr		
str. fact:	
5.53	
MB
473:
474:	
Dynamical	
RAM	
fOr		
lOcal pOt:	
0.00	
MB
475:
476:	
Dynamical	
RAM	
fOr		
nlOcal pOt:	
4.57	
MB
477:
478:	
Dynamical	
RAM	
fOr		
qrad:	
1.99	
MB
479:
480:	
Dynamical	
RAM	
fOr		
rhO,v,vnew:	
18.42	
MB
 
481:	
482:	Dynamical	RAM	fOr	G-vectOrs:	10.90	MB
483:						
484:	Dynamical	RAM	fOr	h,s,v(r/c):	1.17	MB
485:						
486:	Dynamical	RAM	fOr	<psi|beta>:	0.02	MB
487:						
488:	Dynamical	RAM	fOr	psi:	21.52	MB
489:						
490:	Dynamical	RAM	fOr	hpsi:	21.52	MB
491:						
492:	Dynamical	RAM	fOr	spsi:	21.52	MB
493:						
494:	Dynamical	RAM	fOr	wfcinit/wfcrOt:	10.79	MB
495:						
496:	Dynamical	RAM	fOr	addusdens:	519.73	MB
497:						
498:	Estimated static dynamical RAM per prOcess >	71.97 MB 499:
500:	Estimated max dynamical RAM per prOcess >	591.69 MB
501:	2D	2D	2D	2D	2D	2D	2D	2D	2D	2D	2D	2D
502:	The cOde is running with the 2D cutOff 503:	Please refer tO:
504:	SOhier, T., Calandra, M., & Mauri, F. (2017),
505:	Density functiOnal perturbatiOn theOry fOr gated twO-dimensiOnal heterOstructures: 506:	TheOretical develOpments and applicatiOn tO flexural phOnOns in graphene.
507:	Physical Review B, 96(7), 75448. https://dOi.Org/10.1103/PhysRevB.96.075448 508:		2D	2D	2D	2D	2D	2D	2D	2D	2D	2D	2D	2D
509:










521:	tOtal cpu	time spent	up	tO	nOw	is	17.6	secs
522:								
523:	COmputing	kpt #:	2					
524:	tOtal cpu	time spent	up	tO	nOw	is	21.4	secs
525:								
526:	COmputing	kpt #:	3					
527:	tOtal cpu	time spent	up	tO	nOw	is	24.7	secs
528:								
529:	COmputing	kpt #:	4					
530:	tOtal cpu	time spent	up	tO	nOw	is	28.6	secs
531:								
532:	COmputing	kpt #:	5					
533:	tOtal cpu	time spent	up	tO	nOw	is	32.2	secs
534:								
535:	COmputing	kpt #:	6					
536:	tOtal cpu	time spent	up	tO	nOw	is	36.0	secs
537:								
538:	COmputing	kpt #:	7					
539:	tOtal cpu	time spent	up	tO	nOw	is	39.7	secs
540:								
 
541:	COmputing kpt #:	8
542:	tOtal cpu	time spent	up	tO	nOw	is	42.6	secs
543:								
544:	COmputing	kpt #:	9					
545:	tOtal cpu	time spent	up	tO	nOw	is	45.5	secs
546:								
547:	COmputing	kpt #:	10					
548:	tOtal cpu	time spent	up	tO	nOw	is	48.4	secs
549:								
550:	COmputing	kpt #:	11					
551:	tOtal cpu	time spent	up	tO	nOw	is	51.6	secs
552:								
553:	COmputing	kpt #:	12					
554:	tOtal cpu	time spent	up	tO	nOw	is	54.6	secs
555:								
556:	COmputing	kpt #:	13					
557:	tOtal cpu	time spent	up	tO	nOw	is	58.2	secs
558:								
559:	COmputing	kpt #:	14					
560:	tOtal cpu	time spent	up	tO	nOw	is	61.8	secs
561:								
562:	COmputing	kpt #:	15					
563:	tOtal cpu	time spent	up	tO	nOw	is	66.3	secs
564:								
565:	COmputing	kpt #:	16					
566:	tOtal cpu	time spent	up	tO	nOw	is	70.6	secs
567:								
568:	COmputing	kpt #:	17					
569:	tOtal cpu	time spent	up	tO	nOw	is	74.7	secs
570:								
571:	COmputing	kpt #:	18					
572:	tOtal cpu	time spent	up	tO	nOw	is	78.3	secs
573:								
574:	COmputing	kpt #:	19					
575:	tOtal cpu	time spent	up	tO	nOw	is	82.3	secs
576:								
577:	COmputing	kpt #:	20					
578:	tOtal cpu	time spent	up	tO	nOw	is	86.7	secs
579:								
580:	COmputing	kpt #:	21					
581:	tOtal cpu	time spent	up	tO	nOw	is	90.9	secs
582:								
583:	COmputing	kpt #:	22					
584:	tOtal cpu	time spent	up	tO	nOw	is	94.5	secs
585:								
586:	COmputing	kpt #:	23					
587:	tOtal cpu	time spent	up	tO	nOw	is	97.7	secs
588:								
589:	COmputing	kpt #:	24					
590:	tOtal cpu	time spent	up	tO	nOw	is	100.9	secs
591:								
592:	COmputing	kpt #:	25					
593:	tOtal cpu	time spent	up	tO	nOw	is	103.9	secs
594:								
595:	COmputing	kpt #:	26					
596:	tOtal cpu	time spent	up	tO	nOw	is	107.4	secs
597:								
598:	COmputing	kpt #:	27					
599:	tOtal cpu	time spent	up	tO	nOw	is	110.4	secs
600:								
 
601:	COmputing kpt #:	28
602:	tOtal cpu	time spent up	tO	nOw	is	113.5	secs
603:							
604:	COmputing	kpt #:	29					
605:	tOtal cpu	time spent up	tO	nOw	is	116.4	secs
606:							
607:	COmputing	kpt #:	30					
608:	tOtal cpu	time spent up	tO	nOw	is	119.5	secs
609:							
610:	COmputing	kpt #:	31					
611:	tOtal cpu	time spent up	tO	nOw	is	122.6	secs
612:							
613:	COmputing	kpt #:	32					
614:	tOtal cpu	time spent up	tO	nOw	is	125.6	secs
615:							
616:	COmputing	kpt #:	33					
617:	tOtal cpu	time spent up	tO	nOw	is	128.9	secs
618:							
619:	COmputing	kpt #:	34					
620:	tOtal cpu	time spent up	tO	nOw	is	132.0	secs
621:							
622:	COmputing	kpt #:	35					
623:	tOtal cpu	time spent up	tO	nOw	is	135.3	secs
624:							
625:	COmputing	kpt #:	36					
626:	tOtal cpu	time spent up	tO	nOw	is	138.5	secs
627:							
628:	COmputing	kpt #:	37					
629:	tOtal cpu	time spent up	tO	nOw	is	142.0	secs
630:							
631:	COmputing	kpt #:	38					
632:	tOtal cpu	time spent up	tO	nOw	is	145.3	secs
633:							
634:	COmputing	kpt #:	39					
635:	tOtal cpu	time spent up	tO	nOw	is	148.4	secs
636:							
637:	COmputing	kpt #:	40					
638:	tOtal cpu	time spent up	tO	nOw	is	151.8	secs
639:							
640:	COmputing	kpt #:	41					
641:	tOtal cpu	time spent up	tO	nOw	is	155.2	secs
642:							
643:	COmputing	kpt #:	42					
644:	tOtal cpu	time spent up	tO	nOw	is	159.2	secs
645:							
646:	COmputing	kpt #:	43					
647:	tOtal cpu	time spent up	tO	nOw	is	162.7	secs
648:							
649:	COmputing	kpt #:	44					
650:	tOtal cpu	time spent up	tO	nOw	is	166.4	secs
651:							
652:	COmputing	kpt #:	45					
653:	tOtal cpu	time spent up	tO	nOw	is	169.9	secs
654:							
655:	COmputing	kpt #:	46					
656:	tOtal cpu	time spent up	tO	nOw	is	173.6	secs
657:							
658:	COmputing	kpt #:	47					
659:	tOtal cpu	time spent up	tO	nOw	is	178.4	secs
660:							
 
661:	COmputing kpt #:	48
662:	tOtal cpu	time spent up	tO	nOw	is	181.5	secs
663:							
664:	COmputing	kpt #:	49					
665:	tOtal cpu	time spent up	tO	nOw	is	184.5	secs
666:							
667:	COmputing	kpt #:	50					
668:	tOtal cpu	time spent up	tO	nOw	is	187.5	secs
669:							
670:	COmputing	kpt #:	51					
671:	tOtal cpu	time spent up	tO	nOw	is	190.4	secs
672:							
673:	COmputing	kpt #:	52					
674:	tOtal cpu	time spent up	tO	nOw	is	193.3	secs
675:							
676:	COmputing	kpt #:	53					
677:	tOtal cpu	time spent up	tO	nOw	is	196.2	secs
678:							
679:	COmputing	kpt #:	54					
680:	tOtal cpu	time spent up	tO	nOw	is	199.1	secs
681:							
682:	COmputing	kpt #:	55					
683:	tOtal cpu	time spent up	tO	nOw	is	202.3	secs
684:							
685:	COmputing	kpt #:	56					
686:	tOtal cpu	time spent up	tO	nOw	is	206.3	secs
687:							
688:	COmputing	kpt #:	57					
689:	tOtal cpu	time spent up	tO	nOw	is	209.8	secs
690:							
691:	COmputing	kpt #:	58					
692:	tOtal cpu	time spent up	tO	nOw	is	212.9	secs
693:							
694:	COmputing	kpt #:	59					
695:	tOtal cpu	time spent up	tO	nOw	is	216.1	secs
696:							
697:	COmputing	kpt #:	60					
698:	tOtal cpu	time spent up	tO	nOw	is	219.3	secs
699:							
700:	COmputing	kpt #:	61					
701:	tOtal cpu	time spent up	tO	nOw	is	222.4	secs
702:							
703:	COmputing	kpt #:	62					
704:	tOtal cpu	time spent up	tO	nOw	is	225.6	secs
705:							
706:	COmputing	kpt #:	63					
707:	tOtal cpu	time spent up	tO	nOw	is	228.7	secs
708:							
709:	COmputing	kpt #:	64					
710:	tOtal cpu	time spent up	tO	nOw	is	232.0	secs
711:							
712:	COmputing	kpt #:	65					
713:	tOtal cpu	time spent up	tO	nOw	is	235.4	secs
714:							
715:	COmputing	kpt #:	66					
716:	tOtal cpu	time spent up	tO	nOw	is	239.6	secs
717:							
718:	COmputing	kpt #:	67					
719:	tOtal cpu	time spent up	tO	nOw	is	244.1	secs
720:							
 
721:	COmputing kpt #:	68
722:	tOtal cpu	time spent up	tO	nOw	is	249.7	secs
723:							
724:	COmputing	kpt #:	69					
725:	tOtal cpu	time spent up	tO	nOw	is	253.9	secs
726:							
727:	COmputing	kpt #:	70					
728:	tOtal cpu	time spent up	tO	nOw	is	258.6	secs
729:							
730:	COmputing	kpt #:	71					
731:	tOtal cpu	time spent up	tO	nOw	is	263.2	secs
732:							
733:	COmputing	kpt #:	72					
734:	tOtal cpu	time spent up	tO	nOw	is	267.5	secs
735:							
736:	COmputing	kpt #:	73					
737:	tOtal cpu	time spent up	tO	nOw	is	271.0	secs
738:							
739:	COmputing	kpt #:	74					
740:	tOtal cpu	time spent up	tO	nOw	is	274.7	secs
741:							
742:	COmputing	kpt #:	75					
743:	tOtal cpu	time spent up	tO	nOw	is	278.2	secs
744:							
745:	COmputing	kpt #:	76					
746:	tOtal cpu	time spent up	tO	nOw	is	281.7	secs
747:							
748:	COmputing	kpt #:	77					
749:	tOtal cpu	time spent up	tO	nOw	is	285.6	secs
750:							
751:	COmputing	kpt #:	78					
752:	tOtal cpu	time spent up	tO	nOw	is	289.1	secs
753:							
754:	COmputing	kpt #:	79					
755:	tOtal cpu	time spent up	tO	nOw	is	292.8	secs
756:							
757:	COmputing	kpt #:	80					
758:	tOtal cpu	time spent up	tO	nOw	is	296.2	secs
759:							
760:	COmputing	kpt #:	81					
761:	tOtal cpu	time spent up	tO	nOw	is	299.3	secs
762:							
763:	COmputing	kpt #:	82					
764:	tOtal cpu	time spent up	tO	nOw	is	303.3	secs
765:							
766:	COmputing	kpt #:	83					
767:	tOtal cpu	time spent up	tO	nOw	is	307.1	secs
768:							
769:	COmputing	kpt #:	84					
770:	tOtal cpu	time spent up	tO	nOw	is	310.5	secs
771:							
772:	COmputing	kpt #:	85					
773:	tOtal cpu	time spent up	tO	nOw	is	314.6	secs
774:							
775:	COmputing	kpt #:	86					
776:	tOtal cpu	time spent up	tO	nOw	is	318.5	secs
777:							
778:	COmputing	kpt #:	87					
779:	tOtal cpu	time spent up	tO	nOw	is	322.4	secs
780:							
 
781:	COmputing kpt #:	88
782:	tOtal cpu time spent up tO nOw is	326.4 secs 783:
784:	COmputing kpt #:	89
785:	tOtal cpu time spent up tO nOw is	329.6 secs 786:
787:	COmputing kpt #:	90
788:	tOtal cpu time spent up tO nOw is	332.5 secs 789:
790:	COmputing kpt #:	91
791:	tOtal cpu time spent up tO nOw is	335.6 secs 792:
793:	ethr = 3.85E-11, avg # Of iteratiOns = 39.5 794:
795:	tOtal cpu time spent up tO nOw is	335.6 secs 796:
797:	End Of band structure calculatiOn 798:
799:	k = 0.0000 0.0000 0.0000 ( 8953 PWs)	bands (ev):
800:
801:	-75.8317	-50.8638	-42.3914	-42.1763	-24.1697	-24.0238 -22.6999	-17.9398
802:	-16.2869	-15.4990	-15.2134	-12.5565	-12.4643	-8.0747 -7.9241	-5.8406
803:	-5.7851	-5.6193	-5.5055	-5.2657	-2.4659	1.4018	1.6751	4.7895
804:	4.9877	5.3469	8.2722	8.8151	9.1762	11.7247 11.8237	11.8671
805:
806:	12.0711	12.2203	12.6262	13.0529	13.4853	13.6265 13.7442	13.8927
807:
808:	k	= 0.0136	0.0078 0.0000 ( 8923 PWs)	bands (ev):
809:	-75.8248	-50.8582	-42.4080	-42.2030	-24.1577	-24.0118	-22.6878	-17.9358
810:	-16.2532	-15.4859	-15.2004	-12.5870	-12.4356	-8.0633	-7.9127	-5.8587
811:	-5.7746	-5.7300	-5.4921	-5.2519	-2.3642	1.4149	1.6882	4.7988
812:	4.9969	5.4183	8.3018	8.8254	9.1899	11.4709	11.6134	11.8346
813:
814:	11.9720	12.1203	12.6417	13.0693	13.5442	13.6861	13.9345	14.0820
815:
816:
817:	k

-75.8040	= 0.0272

-50.8414	0.0157 0.0000 ( 8941 PWs)

-42.4675 -42.2725 -24.1215	bands (ev):

-23.9756 -22.6516	

-17.9243
818:	-16.1546	-15.4469	-15.1613 -12.6751 -12.3493	-8.0290 -7.8784	-6.0641
819:	-5.8813	-5.7316	-5.4526 -5.2108 -2.0979	1.4541	1.7274	4.8263
820:	5.0240	5.6304	8.3867	8.8548	9.2305	10.9510 11.0939	11.6138
821:
822:
823:
824:	11.7622

k	11.8692

= 0.0408	12.6813 13.1050 13.7450

0.0235 0.0000 ( 8935 PWs)	13.8879 14.3142

bands (ev):	14.4611
825:	-75.7696	-50.8137	-42.5978	-42.3537	-24.0613	-23.9154	-22.5912	-17.9061
826:	-15.9997	-15.3818	-15.0962	-12.8094	-12.2062	-7.9718	-7.8212	-6.4948
827:	-5.9505	-5.6667	-5.3871	-5.1425	-1.7380	1.5195	1.7928	4.8701
828:	5.0672	5.9767	8.5131	8.8957	9.2920	10.3240	10.4686	11.1335
829:
830:	11.2819	11.9229	12.7424	13.1524	13.9129	14.0583	14.7989	14.8807
831:
832:	k	= 0.0543	0.0314 0.0000 ( 8931 PWs)	bands (ev):
833:	-75.7216	-50.7750	-42.8110	-42.4301	-23.9770	-23.8311	-22.5067	-17.8829
834:	-15.8054	-15.2906	-15.0051	-12.9688	-12.0071	-7.8918	-7.7412	-6.9948
835:	-6.0400	-5.5756	-5.2955	-5.0467	-1.3376	1.6111	1.8842	4.9267
836:	5.1227	6.4468	8.6353	8.9065	9.3091	9.6926	9.8558	10.6309
837:
838:	10.7790	11.9976	12.8253	13.2105	13.9717	14.1210	14.1857	15.3614
839:
840:	k	= 0.0679	0.0392 0.0000 ( 8911 PWs)	bands (ev):
 
841:	-75.6603	-50.7258	-43.0934	-42.5090	-23.8687	-23.7228	-22.3983	-17.8569
842:	-15.6028	-15.1735	-14.8879	-13.1182	-11.7531	-7.7890	-7.6384	-7.5256
843:	-6.1508	-5.4583	-5.1776	-4.9229	-0.9270	1.7286	2.0016	4.9880
844:	5.1821	7.0283	8.4629	8.6394	9.0942	9.3659	9.7104	10.1425
845:
846:	10.2905	12.0905	12.9264	13.2722	13.4949	13.9406	14.0976	15.9721
847:
848:	k	= 0.0815	0.0471 0.0000 ( 8929 PWs)	bands (ev):
849:	-75.5861	-50.6664	-43.4325	-42.5958	-23.7364	-23.5905	-22.2661	-17.8314
850:	-15.4452	-15.0302	-14.7447	-13.2007	-11.4457	-8.0640	-7.6634	-7.5129
851:	-6.2810	-5.3149	-5.0335	-4.7707	-0.5223	1.8719	2.1449	5.0348
852:	5.2251	7.7057	7.7897	7.9522	9.1606	9.3905	9.6650	9.7865
853:
854:	9.9139	12.1965	12.8366	13.0662	13.3246	13.8527	14.0256	16.3141
855:
856:
857:	k

-75.4994	= 0.0951

-50.5971	0.0549 0.0000 ( 8913 PWs)

-43.8190 -42.6921 -23.5802	bands (ev):

-23.4343 -22.1103	

-17.8106
858:	-15.4007	-14.8610	-14.5754 -13.1457 -11.0865	-8.5935 -7.5152	-7.3647
859:	-6.4279	-5.1454	-4.8632 -4.5895 -0.1318	2.0408	2.3135	5.0146
860:	5.1969	7.0676	7.2339	8.4605	9.1529	9.3054	9.3714	9.5749
861:
862:
863:
864:	10.0295

k	12.2927

= 0.1087	12.3520 13.1689 13.3382

0.0627 0.0000 ( 8915 PWs)	13.7406 13.9380

bands (ev):	15.2883
865:	-75.4007	-50.5186	-44.2451	-42.7973	-23.4002	-23.2543	-21.9310	-17.7997
866:	-15.5043	-14.6657	-14.3802	-12.9172	-10.6777	-9.1002	-7.3443	-7.1939
867:	-6.5890	-4.9498	-4.6667	-4.3789	0.2402	2.2344	2.5068	4.7938
868:	4.9610	6.5245	6.7041	8.7544	8.9030	9.2637	9.4588	9.6909
869:
870:	10.0706	12.0828	12.3503	13.1764	13.3304	13.6287	13.7869	14.5551
871:
872:	k	= 0.1223	0.0706 0.0000 ( 8907 PWs)	bands (ev):
873:	-75.2905	-50.4313	-44.7036	-42.9104	-23.1963	-23.0505	-21.7284	-17.8049
874:	-15.7286	-14.4444	-14.1589	-12.5431	-10.2212	-9.5716	-7.1510	-7.0005
875:	-6.7614	-4.7281	-4.4440	-4.1381	0.5907	2.4510	2.7223	4.2415
876:	4.3962	6.3145	6.5061	8.3466	8.4944	9.4120	9.8114	10.0447
877:
878:	10.0880	12.0943	12.1443	13.0731	13.2548	13.3740	13.7848	14.4125
879:
880:
881:	k

-75.1696	= 0.1359

-50.3359	0.0784 0.0000 ( 8903 PWs)

-45.1878 -43.0301 -22.9688	bands (ev):

-22.8229 -21.5028	

-17.8335
882:	-16.0263	-14.1971	-13.9115 -12.0728 -9.9961	-9.7191 -6.9425	-6.9352
883:	-6.7848	-4.4804	-4.1953 -3.8666	0.9174	2.6778	2.9423	3.4716
884:	3.6279	6.3448	6.5400	7.9563	8.1039	9.0794	9.9752	10.2209
885:
886:
887:
888:	10.4363

k	11.8262

= 0.1494	12.2967 12.9844 13.1435

0.0863 0.0000 ( 8887 PWs)	13.3096 13.9564

bands (ev):	14.5323
889:	-75.0388	-50.2333	-45.6913	-43.1549	-22.7177	-22.5718	-21.2546	-17.8929
890:	-16.3625	-13.9237	-13.6382	-11.5446	-10.3612	-9.1747	-7.1294	-6.6973
891:	-6.5469	-4.2066	-3.9205	-3.5637	1.2166	2.4972	2.6514	3.0391
892:	3.3039	6.4817	6.6765	7.5866	7.7344	8.6394	9.8244	10.1831
893:
894:	10.4171	12.2868	12.4581	12.8543	13.0128	13.5292	14.1701	14.7433
895:
896:
897:	k

-74.8991	= 0.1630

-50.1243	0.0941 0.0000 ( 8900 PWs)

-46.2081 -43.2833 -22.4430	bands (ev):

-22.2972 -20.9841	

-17.9898
898:	-16.7161	-13.6244	-13.3389 -10.9847 -10.6576	-8.5900 -7.3197	-6.4373
899:	-6.2869	-3.9068	-3.6197 -3.2293	1.4818	1.6141	1.7598	3.2978
900:	3.5704	6.6622	6.8537	7.2438	7.3933	8.1976	8.9073	10.3789
 
901:
902:
903:
904:	10.6125

k	12.4524

= 0.1766	12.7172 12.8784 12.9558

0.1020 0.0000 ( 8882 PWs)	13.9300 14.4045

bands (ev):	14.5419
905:	-74.7513	-50.0098	-46.7326	-43.4137	-22.1450	-21.9992	-20.6920	-18.1290
906:	-17.0741	-13.2990	-13.0135	-10.8776	-10.4121	-7.9687	-7.5103	-6.1555
907:	-6.0052	-3.5810	-3.2930	-2.8636	0.6858	0.8311	1.7052	3.6129
908:	3.8857	6.7787	6.9424	7.0116	7.1859	7.7951	7.9512	10.5694
909:
910:	10.7984	12.2139	12.6577	12.8377	13.3050	13.3623	13.5922	14.4267
911:
912:
913:	k

-74.5968	= 0.1902

-49.8909	0.1098 0.0000 ( 8858 PWs)

-47.2595 -43.5446 -21.8238	bands (ev):

-21.6780 -20.3790	

-18.3121
914:	-17.4278	-12.9477	-12.6622 -11.0165 -9.8436	-7.7037 -7.3092	-5.8523
915:	-5.7020	-3.2293	-2.9405 -2.4682 -0.2480	-0.1029	1.8729	3.9568
916:	4.2293	6.5454	6.6931	7.0005	7.1575	7.3305	7.5024	10.7336
917:
918:
919:
920:	10.9557

k	11.7553

= 0.2038	12.0959 12.3820 12.6587

0.1177 0.0000 ( 8852 PWs)	12.8503 13.6646

bands (ev):	14.7395
921:	-74.4368	-49.7686	-47.7838	-43.6747	-21.4795	-21.3337	-20.0465	-18.5367
922:	-17.7709	-12.5704	-12.2849	-11.0747	-9.2939	-7.8898	-6.6227	-5.5283
923:	-5.3779	-2.8517	-2.5623	-2.0469	-1.1786	-1.0336	1.9710	4.3264
924:	4.5985	6.1122	6.2591	6.4059	7.1773	7.4194	7.6011	10.8536
925:
926:	10.9131	11.0477	11.1835	11.2051	12.7479	12.9535	13.8911	14.6010
927:
928:	k	= 0.2174	0.1255 0.0000 ( 8840 PWs)	bands (ev):
929:	-74.2728	-49.6444	-48.3009	-43.8025	-21.1123	-20.9665	-19.6977	-18.7969
930:	-18.0971	-12.1671	-11.8817	-11.0559	-8.7783	-8.0720	-5.9078	-5.1844
931:	-5.0339	-2.4484	-2.1587	-2.1007	-1.9558	-1.6070	1.9870	4.7210
932:	4.9926	5.2939	5.9852	6.1318	7.0359	7.6406	7.8225	9.7534
933:
934:	10.0393	10.4717	10.9666	11.1801	12.9249	13.1403	13.8452	14.0270
935:
936:
937:	k

-74.1065	= 0.2310

-49.5194	0.1333 0.0000 ( 8840 PWs)

-48.8062 -43.9268 -20.7224	bands (ev):

-20.5766 -19.3441	

-19.0823
938:	-18.3949	-11.7380	-11.4525 -10.9668 -8.3129	-8.2474 -5.1693	-4.8238
939:	-4.6729	-3.0091	-2.8648 -2.0192 -1.7291	-1.1625	1.9153	4.5733
940:	5.1397	5.4104	5.7290	5.8758	6.9654	7.8531	8.0305	8.6219
941:
942:
943:
944:	8.9078

k	9.8198

= 0.2445	11.0417 11.2529 13.0145

0.1412 0.0000 ( 8828 PWs)	13.1569 13.3167

bands (ev):	13.5489
945:	-73.9394	-49.3956	-49.2949	-44.0464	-20.3100	-20.1642	-19.3951	-19.0399
946:	-18.5971	-11.2829	-10.9977	-10.8156	-8.4156	-7.9136	-4.4730	-4.4118
947:	-4.3197	-3.8754	-3.7335	-1.5646	-1.2747	-0.7375	1.7600	3.9873
948:	5.4849	5.5877	5.6340	5.8550	6.9371	7.5160	7.8018	8.0369
949:
950:	8.2088	9.2364	11.0971	11.3057	12.3433	12.4872	13.5596	13.8267
951:
952:	k	= 0.2581	0.1490 0.0000 ( 8816 PWs)	bands (ev):
953:	-73.7737	-49.7652	-49.2723	-44.1603	-19.8754	-19.7296	-19.7081	-19.0960
954:	-18.4099	-10.8022	-10.6124	-10.5155	-8.5741	-7.5997	-4.8499	-4.7012
955:	-3.9808	-3.8344	-3.6405	-1.0850	-0.7964	-0.3692	1.5329	3.5859
956:	5.2699	5.4164	6.0388	6.3063	6.4432	6.7264	6.8732	8.1778
957:
958:	8.3437	8.8242	10.9651	11.1504	11.8375	12.0072	13.7581	13.9117
959:
960:	k	= 0.2717	0.1569 0.0000 ( 8806 PWs)	bands (ev):
 
961:	-73.6113	-50.2103	-49.1536	-44.2674	-20.0218	-19.4188	-19.3191	-19.2731
962:	-18.0178	-10.3645	-10.2940	-10.0094	-8.7223	-7.3885	-5.7028	-5.5557
963:	-3.5770	-3.4289	-2.8614	-0.5822	-0.3027	-0.0918	1.2490	3.4236
964:	5.0698	5.2163	5.3792	5.6661	6.4451	6.6557	6.8787	8.2726
965:
966:	8.4315	8.6911	10.3866	10.5459	11.8505	12.0492	13.4580	14.2188
967:
968:	k	= 0.2853	0.1647 0.0000 ( 8774 PWs)	bands (ev):
969:	-73.4544	-50.6276	-49.0400 -44.3669	-20.3271	-19.5444	-18.9408	-18.7951
970:	-17.5878	-10.0788	-9.7624 -9.4771	-8.8590	-7.2941	-6.5546	-6.4080
971:	-3.1411	-2.9927	-2.0821 -0.0848	0.0440	0.2684	0.9231	3.5214
972:	4.3543	4.6408	4.8886	5.0350	6.1792	7.0808	7.3425	8.3306
973:
974:	8.4889	8.8110	9.6522	9.8045	12.1097	12.3175	13.1755	14.0737
975:
976:
977:	k

-73.3053	= 0.2989

-51.0131	0.1726 0.0000 ( 8764 PWs)

-48.9330 -44.4580 -20.6171	bands (ev):

-19.7527 -18.4417	

-18.2961
978:	-17.1417	-9.7662	-9.2045 -8.9834 -8.9192	-7.3917 -7.3229	-7.2452
979:	-2.6878	-2.5393	-1.3118	0.0679	0.5001	0.5803	0.8192	3.3554
980:	3.6416	3.8364	4.7263	4.8727	5.7424	7.5858	7.8384	8.3502
981:
982:	8.5164	8.9161	9.0444	9.1412 12.4711	12.6829 12.9101	13.0774
983:
984:	k	= 0.3125	0.1804 0.0000 ( 8776 PWs)	bands (ev):
985:	-73.1663	-51.3635	-48.8343	-44.5400	-20.8857	-19.9395	-17.9224	-17.7768
986:	-16.6876	-9.4350	-9.0948	-8.6212	-8.3359	-8.2110	-8.0645	-7.4687
987:	-2.2218	-2.0734	-0.5633	0.0924	0.2092	1.0977	1.3906	2.3872
988:	2.6732	4.2883	4.5832	4.7296	5.3052	8.0143	8.0504	8.1960
989:
990:	8.2329	8.6122	8.8152	9.4879	12.1014	12.3920	12.6610	12.9088
991:
992:	k	= 0.3261	0.1882 0.0000 ( 8762 PWs)	bands (ev):
993:	-73.0399	-51.6752	-48.7452	-44.6122	-21.1279	-20.1031	-17.3839	-17.2383
994:	-16.2332	-9.1938	-9.0937	-9.0105	-8.8639	-8.0128	-7.7286	-7.7109
995:	-1.7482	-1.5998	-0.2280	0.1071	0.2550	1.3895	1.6792	1.7544
996:	2.0444	4.4591	4.6055	4.8034	4.9099	7.3612	7.5129	8.1963
997:
998:	8.3553	8.9700	9.2266	9.9341	11.1591	11.4498	12.4287	13.3955
999:
1000:
1001:	k

-72.9282	= 0.3396

-51.9450	0.1961 0.0000 ( 8758 PWs)

-48.6671 -44.6742 -21.3396	bands (ev):

-20.2426 -16.8279	

-16.6825
1002:	-15.7879	-9.7879	-9.6413 -9.2767 -8.7582	-8.0223 -7.3800	-7.0949
1003:	-1.2741	-1.1259	-0.6132	0.2780	0.5039	0.7909	0.8442	2.3524
1004:	2.6453	4.3540	4.5004	4.5605	5.3419	6.6817	6.8324	8.2150
1005:
1006:
1007:
1008:	8.3639

k	9.5230

= 0.3532	9.7898 10.2520 10.4201

0.2039 0.0000 ( 8758 PWs)	10.5491 12.2146

bands (ev):	13.5875
1009:	-72.8335	-52.1701	-48.6013	-44.7255	-21.5174	-20.3572	-16.2577	-16.1124
1010:	-15.3654	-10.5396	-10.3929	-9.3457	-8.4699	-8.3348	-6.7241	-6.4391
1011:	-0.9816	-0.8110	-0.6630	-0.3836	-0.0965	0.3930	1.4408	3.0038
1012:	3.2971	4.2681	4.2782	4.4145	5.8487	6.0451	6.1954	8.2015
1013:
1014:	8.3478	9.3286	9.6198	10.1802	10.4462	10.9444	12.0223	13.0828
1015:
1016:
1017:	k

-72.7575	= 0.3668

-52.3480	0.2118 0.0000 ( 8768 PWs)

-48.5490 -44.7658 -21.6584	bands (ev):

-20.4467 -15.6800	

-15.5349
1018:	-14.9851	-11.2588	-11.1118 -9.3997 -8.7204	-8.1376 -6.0477	-5.7630
1019:	-1.3106	-1.2404	-0.9537 -0.3779 -0.2301	0.5056	1.9473	3.6760
1020:	3.9624	4.0695	4.2013	4.3477	5.4755	5.6257	6.2942	8.1811
 
1021:
1022:
1023:
1024:	8.3268

k	8.4825

= 0.3804	8.7727 10.8155 11.0798

0.2196 0.0000 ( 8764 PWs)	11.4758 11.8615

bands (ev):	12.6593
1025:	-72.7021	-52.4767	-48.5109	-44.7947	-21.7606	-20.5109	-15.1121	-14.9673
1026:	-14.6743	-11.9279	-11.7806	-9.4385	-9.0101	-7.9098	-5.3589	-5.0747
1027:	-2.0599	-1.7722	-1.5721	-0.0065	0.1411	0.6010	2.3358	3.8971
1028:	4.1534	4.2998	4.3660	4.6595	5.0078	5.1589	6.6435	7.6652
1029:
1030:	7.9542	8.1665	8.3116	11.4483	11.6845	11.7461	12.0333	12.3545
1031:
1032:
1033:	k

-72.6683	= 0.3940

-52.5545	0.2275 0.0000 ( 8760 PWs)

-48.4878 -44.8122 -21.8226	bands (ev):

-20.5494 -14.6095	

-14.4663
1034:	-14.4654	-12.4911	-12.3432 -9.4618 -9.2103	-7.7592 -4.6905	-4.4077
1035:	-2.8060	-2.5170	-1.7442	0.2550	0.4023	0.6646	2.5813	3.8058
1036:	4.1246	4.2711	4.6764	4.8291	5.0430	5.3378	6.8312	6.9518
1037:
1038:
1039:
1040:	7.2157

k	8.1546

= 0.4076	8.2992 11.6276 11.9767

0.2353 0.0000 ( 8732 PWs)	12.0780 12.3875

bands (ev):	12.6154
1041:	-72.6569	-52.5805	-48.4800	-44.8180	-21.8433	-20.5623	-14.3926	-14.3671
1042:	-14.2235	-12.7538	-12.6053	-9.4696	-9.2822	-7.7065	-4.2874	-4.0069
1043:	-3.2352	-2.9437	-1.8042	0.3511	0.4984	0.6869	2.6654	3.7751
1044:	4.1150	4.2614	4.5642	4.7153	5.4425	5.7431	6.4808	6.7529
1045:
1046:	6.9811	8.1506	8.2950	11.6013	12.0059	12.2225	12.7493	12.9981
1047:
1048:	k	= 0.4030	0.2431 0.0000 ( 8740 PWs)	bands (ev):
1049:	-72.6559	-52.5776	-48.4793	-44.8299	-21.8395	-20.5429	-14.3897	-14.3633
1050:	-14.2197	-12.7501	-12.6016	-9.5281	-9.2788	-7.6635	-4.2830	-4.0026
1051:	-3.2308	-2.9393	-1.8004	0.3539	0.5012	0.6858	2.6266	3.7993
1052:	4.0310	4.1774	4.5683	4.7194	5.4469	5.7474	6.4856	6.7589
1053:
1054:	7.0024	8.2361	8.3806	11.3425	12.1607	12.2495	12.7588	13.0039
1055:
1056:
1057:	k

-72.6526	= 0.3985

-52.5689	0.2510 0.0000 ( 8736 PWs)

-48.4769 -44.8654 -21.8282	bands (ev):

-20.4850 -14.3812	

-14.3519
1058:	-14.2083	-12.7390	-12.5906 -9.6881 -9.2695	-7.5488 -4.2700	-3.9896
1059:	-3.2178	-2.9263	-1.7890	0.3621	0.5095	0.6825	2.5132	3.7979
1060:	3.8713	3.9440	4.5805	4.7316	5.4599	5.7604	6.4995	6.7754
1061:
1062:
1063:
1064:	7.0648

k	8.4738

= 0.3940	8.6186 10.9027 12.1713

0.2588 0.0000 ( 8748 PWs)	12.4433 12.7913

bands (ev):	13.0236
1065:	-72.6473	-52.5543	-48.4730	-44.9240	-21.8093	-20.3890	-14.3671	-14.3329
1066:	-14.1894	-12.7206	-12.5721	-9.9201	-9.2549	-7.3903	-4.2484	-3.9680
1067:	-3.1961	-2.9046	-1.7701	0.3756	0.5231	0.6767	2.3337	3.4559
1068:	3.6015	3.9895	4.6009	4.7520	5.4815	5.7820	6.5224	6.8006
1069:
1070:	7.1633	8.8235	8.9686	10.4099	12.1283	12.5829	12.8489	13.0630
1071:
1072:	k	= 0.3894	0.2667 0.0000 ( 8752 PWs)	bands (ev):
1073:	-72.6398	-52.5340	-48.4677	-45.0051	-21.7829	-20.2558	-14.3474	-14.3064
1074:	-14.1628	-12.6948	-12.5463	-10.1998	-9.2349	-7.2107	-4.2181	-3.9377
1075:	-3.1658	-2.8743	-1.7436	0.3941	0.5417	0.6679	2.0992	3.0430
1076:	3.1882	4.1514	4.6294	4.7806	5.5119	5.8123	6.5537	6.8336
1077:
1078:	7.2898	9.2468	9.3923	9.8876	12.0565	12.6551	12.9077	13.1205
1079:
1080:	k	= 0.3849	0.2745 0.0000 ( 8742 PWs)	bands (ev):
 
1081:	-72.6303	-52.5078	-48.4608	-45.1076	-21.7489	-20.0864	-14.3222	-14.2723
1082:	-14.1287	-12.6617	-12.5132	-10.5117	-9.2097	-7.0232	-4.1791	-3.8987
1083:	-3.1267	-2.8352	-1.7096	0.4167	0.5647	0.6556	1.8209	2.5867
1084:	2.7314	4.3536	4.6662	4.8173	5.5509	5.8513	6.5936	6.8745
1085:
1086:	7.4354	9.3479	9.7165	9.8624	11.9507	12.7002	12.9516	13.1769
1087:
1088:	k	= 0.3804	0.2824 0.0000 ( 8730 PWs)	bands (ev):
1089:	-72.6188	-52.4759	-48.4525	-45.2303	-21.7074	-19.8822	-14.2915	-14.2305
1090:	-14.0869	-12.6213	-12.4728	-10.8459	-9.1794	-6.8349	-4.1315	-3.8511
1091:	-3.0790	-2.7875	-1.6680	0.4418	0.5904	0.6386	1.5093	2.1056
1092:	2.2495	4.5915	4.7111	4.8622	5.5986	5.8989	6.6419	6.9235
1093:
1094:	7.5925	8.7997	10.2144	10.3609	11.8055	12.7361	12.9860	13.2191
1095:
1096:
1097:	k

-72.6055	= 0.3759

-52.4382	0.2902 0.0000 ( 8734 PWs)

-48.4429 -45.3719 -21.6584	bands (ev):

-19.6447 -14.2554	

-14.1812
1098:	-14.0376	-12.5736	-12.4251 -11.1961 -9.1444	-6.6493 -4.0753	-3.7948
1099:	-3.0226	-2.7311	-1.6190	0.4645	0.6142	0.6151	1.1737	1.6153
1100:	1.7579	4.7641	4.8599	4.9153	5.6551	5.9552	6.6987	6.9808
1101:
1102:
1103:
1104:	7.7541

k	8.2512

= 0.3713	10.7286 10.8759 11.6174

0.2980 0.0000 ( 8740 PWs)	12.7635 13.0155

bands (ev):	13.2522
1105:	-72.5903	-52.3948	-48.4319	-45.5308	-21.6019	-19.3757	-14.2142	-14.1243
1106:	-13.9807	-12.5187	-12.3702	-11.5578	-9.1051	-6.4677	-4.0104	-3.7299
1107:	-2.9575	-2.6660	-1.5625	0.4643	0.5785	0.6168	0.8265	1.1428
1108:	1.2824	4.8253	4.9764	5.1517	5.7204	6.0201	6.7641	7.0464
1109:
1110:	7.6880	7.9361	11.2501	11.3852	11.4006	12.7728	13.0460	13.2894
1111:
1112:	k	= 0.3668	0.3059 0.0000 ( 8730 PWs)	bands (ev):
1113:	-72.5734	-52.3457	-48.4198	-45.7054	-21.5379	-19.0770	-14.1678	-14.0598
1114:	-13.9163	-12.4566	-12.3081	-11.9275	-9.0619	-6.2904	-3.9368	-3.6563
1115:	-2.8838	-2.5923	-1.4986	0.3266	0.4158	0.4823	0.5849	0.8072
1116:	0.9436	4.8946	5.0457	5.4579	5.7954	6.0937	6.8380	7.1203
1117:
1118:	7.1547	8.0973	11.1199	11.7721	11.9218	12.7504	13.0276	13.0967
1119:
1120:
1121:	k

-72.5550	= 0.3623

-52.2909	0.3137 0.0000 ( 8722 PWs)

-48.4066 -45.8939 -21.4664	bands (ev):

-18.7508 -14.1165	

-13.9878
1122:	-13.8442	-12.3875	-12.3025 -12.2390 -9.0156	-6.1170 -3.8546	-3.5741
1123:	-2.8014	-2.5099	-1.4273 -0.0787	0.0567	0.0731	0.5218	0.7415
1124:	0.8816	4.9721	5.1232	5.7615	5.8852	6.1755	6.6273	6.9206
1125:
1126:
1127:
1128:	7.2033

k	8.2649

= 0.3577	10.8280 12.2837 12.3357

0.3216 0.0000 ( 8726 PWs)	12.4367 12.6201

bands (ev):	12.6959
1129:	-72.5352	-52.2305	-48.3924	-46.0947	-21.3874	-18.3990	-14.0604	-13.9082
1130:	-13.7646	-12.6806	-12.3113	-12.1628	-8.9668	-5.9468	-3.7638	-3.4833
1131:	-2.7103	-2.4188	-1.3487	-0.5747	-0.4251	-0.3203	0.4607	0.7708
1132:	0.9130	5.0577	5.2087	5.9461	6.0765	6.1186	6.2784	7.0117
1133:
1134:	7.2945	8.4330	10.5290	11.6462	11.9312	12.6011	12.7777	12.9348
1135:
1136:
1137:	k

-72.5141	= 0.3532

-52.1646	0.3294 0.0000 ( 8742 PWs)

-48.3773 -46.3060 -21.3011	bands (ev):

-18.0240 -13.9999	

-13.8210
1138:	-13.6774	-13.0597	-12.2283 -12.0798 -8.9167	-5.7791 -3.6644	-3.3838
1139:	-2.6106	-2.3191	-1.2630 -1.0889 -0.9404	-0.6991	0.3864	0.8240
1140:	0.9671	5.1514	5.3024	5.6098	6.0613	6.3277	6.3951	7.1115
 
1141:
1142:
1143:
1144:	7.3944

k	8.6013

= 0.3487	10.2488 10.9657 11.2506

0.3373 0.0000 ( 8736 PWs)	12.5011 13.1624

bands (ev):	13.3611
1145:	-72.4920	-52.0931	-48.3614	-46.5260	-21.2073	-17.6281	-13.9351	-13.7262
1146:	-13.5826	-13.4380	-12.1385	-11.9899	-8.8664	-5.6131	-3.5563	-3.2757
1147:	-2.5022	-2.2107	-1.6074	-1.4595	-1.1726	-1.0727	0.2942	0.8883
1148:	1.0319	5.1415	5.2532	5.4042	6.1690	6.4633	6.5709	7.2199
1149:
1150:	7.5028	8.7700	10.0229	10.2941	10.5789	12.3861	13.3498	13.5996
1151:
1152:
1153:	k

-72.4689	= 0.3442

-52.0161	0.3451 0.0000 ( 8744 PWs)

-48.3450 -46.7531 -21.1062	bands (ev):

-17.2135 -13.8703	

-13.8103
1154:	-13.6239	-13.4803	-12.0420 -11.8935 -8.8174	-5.4481 -3.4397	-3.1590
1155:	-2.3851	-2.1258	-2.0937 -1.9783 -1.4461	-1.0687	0.1800	0.9600
1156:	1.1038	4.7006	5.3630	5.5140	6.2852	6.5812	6.6692	7.3368
1157:
1158:
1159:
1160:	7.6199

k	8.9400

= 0.3396	9.6307	9.8919	9.9196

0.3529 0.0000 ( 8752 PWs)	12.2643 13.4787

bands (ev):	13.7383
1161:	-72.4452	-51.9337	-48.3281 -46.9857 -20.9977	-16.7827	-14.1888	-13.7919
1162:	-13.5140	-13.3704	-11.9392 -11.7906 -8.7716	-5.2833	-3.3144	-3.0337
1163:	-2.6419	-2.4947	-2.2594 -1.9680 -1.8051	-0.9625	0.0403	1.0374
1164:	1.1814	4.2930	5.4809	5.6319	6.4091	6.6251	6.7128	7.4624
1165:
1166:	7.7455	8.9776	9.1126	9.2625	9.8979	12.1403	13.6017	13.8625
1167:
1168:	k	= 0.3351	0.3608 0.0000 ( 8750 PWs)	bands (ev):
1169:	-72.4209	-51.8460	-48.3109	-47.2221	-20.8819	-16.3385	-14.5569	-13.7156
1170:	-13.3965	-13.2530	-11.8302	-11.6816	-8.7313	-5.1184	-3.1806	-3.1544
1171:	-3.0073	-2.8999	-2.1514	-2.1245	-1.8336	-0.8503	-0.1275	1.1197
1172:	1.2637	3.9232	5.6069	5.7578	6.4518	6.5414	6.8417	7.5965
1173:
1174:	7.8797	8.3345	8.6193	9.2892	10.0325	12.0176	13.7028	13.9427
1175:
1176:
1177:	k

-72.3965	= 0.3306

-51.7530	0.3686 0.0000 ( 8774 PWs)

-48.2935 -47.4608 -20.7589	bands (ev):

-15.8837 -14.9194	

-13.6356
1178:	-13.2716	-13.1280	-11.7153 -11.5667 -8.6993	-4.9528 -3.6621	-3.5153
1179:	-3.0382	-2.7574	-2.4789 -1.9821 -1.6907	-0.7360 -0.3220	1.2060
1180:	1.3501	3.5941	5.7409	5.8918	6.1688	6.6766	6.9770	7.6983
1181:
1182:
1183:
1184:	7.7451

k	7.9871

= 0.3260	8.0246	9.4701 10.2707

0.3765 0.0000 ( 8776 PWs)	11.8993 13.4506

bands (ev):	13.6086
1185:	-72.3720	-51.6548	-48.2763	-47.7004	-20.6286	-15.4221	-15.2748	-13.5519
1186:	-13.1391	-12.9955	-11.5951	-11.4465	-8.6786	-4.7865	-4.1643	-4.0175
1187:	-2.8874	-2.7851	-2.6065	-1.8305	-1.5391	-0.6648	-0.4980	1.2957
1188:	1.4397	3.3070	5.8124	5.8829	6.0338	6.7853	7.0824	7.1177
1189:
1190:	7.4064	7.8913	8.1741	9.6551	10.5769	11.7882	12.9874	13.1402
1191:
1192:	k	= 0.3215	0.3843 0.0000 ( 8794 PWs)	bands (ev):
1193:	-72.3477	-51.5514	-48.2595 -47.9392	-20.4912	-15.6241	-14.9557	-13.4638
1194:	-12.9990	-12.8555	-11.4700 -11.3213	-8.6731	-4.6598	-4.6195	-4.5131
1195:	-3.0649	-2.7280	-2.4471 -1.6703	-1.3790	-0.8534	-0.4366	1.3879
1196:	1.5319	3.0609	5.4114	6.0328	6.1837	6.4135	6.6983	7.0301
1197:
1198:	7.3308	8.0510	8.3340	9.8443	10.9228	11.6871	12.5179	12.6697
1199:
1200:	k	= 0.3170	0.3921 0.0000 ( 8790 PWs)	bands (ev):
 
1201:	-72.3240	-51.4430	-48.2456	-48.1739	-20.3466	-15.9640	-14.4933	-13.3690
1202:	-12.8515	-12.7080	-11.3408	-11.1922	-8.6867	-5.1476	-5.0010	-4.4520
1203:	-3.3136	-2.5603	-2.2792	-1.5016	-1.2102	-1.1322	-0.3029	1.4820
1204:	1.6259	2.8526	4.9849	5.8183	6.1028	6.1910	6.3418	7.1829
1205:
1206:	7.4840	8.2194	8.5024	10.0380	11.2874	11.6002	12.0541	12.2057
1207:
1208:	k	= 0.3124	0.4000 0.0000 ( 8788 PWs)	bands (ev):
1209:	-72.3011	-51.3297	-48.4131	-48.2246	-20.1950	-16.2948	-14.0457	-13.2594
1210:	-12.6965	-12.5530	-11.2087	-11.0600	-8.7233	-5.6263	-5.4798	-4.2847
1211:	-3.5263	-2.3842	-2.1030	-1.4350	-1.3243	-1.0330	-0.1568	1.5768
1212:	1.7206	2.6779	4.5454	5.2217	5.5061	6.3568	6.5076	7.3550
1213:
1214:	7.6563	8.3962	8.6792	10.2366	11.5075	11.5997	11.6802	11.7513
1215:
1216:
1217:	k

-72.2793	= 0.3079

-51.2115	0.4078 0.0000 ( 8796 PWs)

-48.6425 -48.2099 -20.0364	bands (ev):

-16.6157 -13.6461	

-13.1066
1218:	-12.5341	-12.3906	-11.0753 -10.9266 -8.7865	-6.0941 -5.9476	-4.1194
1219:	-3.6980	-2.1999	-1.9187 -1.7501 -1.1386	-0.8474 -0.0029	1.6712
1220:	1.8149	2.5319	4.1016	4.6322	4.9164	6.5305	6.6813	7.5378
1221:
1222:
1223:
1224:	7.8391

k	8.5813

= 0.3034	8.8644 10.4404 11.1566

0.4157 0.0000 ( 8798 PWs)	11.3081 11.4540

bands (ev):	12.0507
1225:	-72.2588	-51.0887	-48.8672	-48.1957	-19.8709	-16.9260	-13.3679	-12.8419
1226:	-12.3642	-12.2208	-10.9431	-10.7944	-8.8788	-6.5482	-6.4018	-3.9653
1227:	-3.8178	-2.0700	-2.0072	-1.7259	-0.9445	-0.6534	0.1577	1.7637
1228:	1.9073	2.4102	3.6601	4.0515	4.3356	6.7121	6.8628	7.7296
1229:
1230:	8.0310	8.7747	9.0577	10.6495	10.7273	10.8789	11.4107	12.4232
1231:
1232:	k	= 0.2989	0.4235 0.0000 ( 8808 PWs)	bands (ev):
1233:	-72.2400	-50.9612	-49.0854	-48.1826	-19.6986	-17.2252	-13.2155	-12.4667
1234:	-12.1871	-12.0437	-10.8160	-10.6673	-9.0012	-6.9845	-6.8382	-3.9374
1235:	-3.7710	-2.3852	-1.8075	-1.5257	-0.7423	-0.4512	0.3243	1.8528
1236:	1.9963	2.3088	3.2266	3.4806	3.7644	6.9014	7.0521	7.9297
1237:
1238:	8.2313	8.9758	9.2589	10.3136	10.4655	10.8642	11.3847	12.7881
1239:
1240:
1241:	k

-72.2233	= 0.2943

-50.8294	0.4314 0.0000 ( 8802 PWs)

-49.2962 -48.1709 -19.5197	bands (ev):

-17.5125 -13.1172	

-12.0588
1242:	-12.0029	-11.8595	-10.7003 -10.5515 -9.1532	-7.3966 -7.2503	-3.9737
1243:	-3.6228	-2.6895	-1.6002 -1.3181 -0.5323	-0.2413	0.4961	1.9363
1244:	2.0796	2.2246	2.8069	2.9207	3.2040	7.0984	7.2492	8.1376
1245:
1246:
1247:
1248:	8.4394

k	9.1841

= 0.2898	9.4670	9.9187 10.0708

0.4392 0.0000 ( 8814 PWs)	11.0838 11.3774

bands (ev):	12.6271
1249:	-72.2088	-50.6936	-49.4985 -48.1607 -19.3343	-17.7873	-13.0420	-11.8118
1250:	-11.6685	-11.6559	-10.6063 -10.4575 -9.3326	-7.7736	-7.6273	-3.9757
1251:	-3.4780	-2.9748	-1.3867 -1.1040 -0.3151	-0.0244	0.6720	2.0118
1252:	2.1522	2.1549	2.3706	2.4139	2.6561	7.3030	7.4538	8.3524
1253:
1254:	8.6545	9.3948	9.5489	9.6600	9.7189	11.3072	11.3897	12.0820
1255:
1256:
1257:	k

-72.1968	= 0.2853

-50.5541	0.4470 0.0000 ( 8824 PWs)

-49.6908 -48.1524 -19.1432	bands (ev):

-18.0487 -12.9825	

-11.6144
1258:	-11.4712	-11.2730	-10.5504 -10.4015 -9.5359	-8.0985 -7.9522	-3.9439
1259:	-3.3487	-3.2301	-1.1686 -0.8852 -0.0926	0.1977	0.8491	1.8401
1260:	2.0047	2.0763	2.1219	2.1388	2.2193	7.5148	7.6657	8.5724
 
1261:
1262:
1263:
1264:	8.8745

k	9.1919

= 0.2807	9.3448	9.6216	9.9043

0.4549 0.0000 ( 8802 PWs)	11.4205 11.5307

bands (ev):	11.5543
1265:	-72.1878	-50.4126	-49.8712	-48.1460	-18.9483	-18.2943	-12.9372	-11.4126
1266:	-11.2695	-10.9194	-10.5550	-10.4062	-9.7591	-8.3472	-8.2006	-3.8902
1267:	-3.4510	-3.2315	-0.9504	-0.6658	0.1292	0.4185	1.0168	1.3352
1268:	1.6173	1.6976	2.0825	2.1265	2.2693	7.7333	7.8843	8.7838
1269:
1270:	8.8832	9.0102	9.1121	9.8350	10.1180	11.0496	11.3371	11.4767
1271:
1272:
1273:	k

-72.1820	= 0.2762

-50.2772	0.4627 0.0000 ( 8792 PWs)

-50.0307 -48.1418 -18.7642	bands (ev):

-18.5091 -12.9070	

-11.2128
1274:	-11.0701	-10.6371	-10.6021 -10.4883 -9.9979	-8.4958 -8.3491	-3.8614
1275:	-3.5741	-3.1498	-0.7449 -0.4579	0.3171	0.6022	0.9028	1.1144
1276:	1.1876	1.4896	2.0584	2.1586	2.3012	7.9556	8.1072	8.5805
1277:
1278:
1279:
1280:	8.7333

k	9.0156

= 0.2717	9.3190	9.9994 10.2828

0.4706 0.0000 ( 8796 PWs)	10.6314 10.9185

bands (ev):	11.5427
1281:	-72.1796	-50.2522	-50.0644	-48.1399	-18.7933	-18.4904	-12.8938	-11.0641
1282:	-10.9214	-10.7544	-10.6059	-10.3306	-10.2445	-8.5379	-8.3908	-3.9310
1283:	-3.5320	-3.1066	-0.6013	-0.3096	0.2719	0.5447	0.7914	1.0053
1284:	1.0837	1.5442	2.0511	2.1686	2.3111	8.1531	8.3078	8.3634
1285:
1286:	8.5125	9.1765	9.4824	9.9185	10.2028	10.5374	10.8218	11.5944
1287:
1288:	k	= 0.2626	0.4549 0.0000 ( 8810 PWs)	bands (ev):
1289:	-72.1884	-50.3508	-49.9334	-48.1452	-19.0830	-18.1601	-12.9337	-11.4677
1290:	-11.3214	-10.8122	-10.4807	-10.3366	-9.8795	-8.3681	-8.2202	-4.0354
1291:	-3.2994	-3.1860	-1.0710	-0.7844	0.3925	0.6777	0.8685	1.1928
1292:	1.4776	1.8062	2.0873	2.1069	2.2500	7.8954	8.0439	8.6663
1293:
1294:	8.7344	8.8754	8.9784	10.0965	10.3869	10.9116	11.1520	11.1999
1295:
1296:
1297:	k

-72.2139	= 0.2536

-50.5828	0.4392 0.0000 ( 8818 PWs)

-49.6029 -48.1618 -19.4160	bands (ev):

-17.7041 -13.0638	

-12.1804
1298:	-12.0341	-11.3444	-9.9941 -9.8504 -9.6566	-8.0204 -7.8720	-4.0517
1299:	-3.5292	-2.8726	-1.9631 -1.6775	0.8781	0.8948	1.1759	1.7461
1300:	1.9185	2.0288	2.0625	2.1215	2.2623	7.6665	7.7985	7.8303
1301:
1302:
1303:
1304:	8.0773

k	9.2447

= 0.2445	9.3994 10.5725 10.6269

0.4235 0.0000 ( 8802 PWs)	10.9063 11.4555

bands (ev):	11.7412
1305:	-72.2576	-50.7588	-49.2600	-48.1909	-19.6972	-17.2172	-13.2927	-12.9376
1306:	-12.7913	-11.8728	-9.5776	-9.4692	-9.3257	-7.5850	-7.4363	-4.0283
1307:	-3.9553	-2.8856	-2.6001	-2.3920	1.1185	1.4697	1.6022	1.7462
1308:	1.7590	2.2541	2.3468	2.6280	2.6821	6.8421	7.1360	7.6752
1309:
1310:	7.8220	9.7969	9.9516	10.1006	11.1976	11.4927	12.0463	12.3319
1311:
1312:	k	= 0.2355	0.4078 0.0000 ( 8780 PWs)	bands (ev):
1313:	-72.3204	-50.8761	-48.9067	-48.2330	-19.9200	-16.7063	-13.6985	-13.6175
1314:	-13.5524	-12.3856	-9.5956	-8.9127	-8.7693	-7.0962	-6.9473	-4.6222
1315:	-3.8045	-3.7890	-3.5047	-1.8491	1.1788	1.3241	1.5077	2.0986
1316:	2.3577	2.3898	2.9854	3.1350	3.2687	5.9410	6.2347	7.8107
1317:
1318:	7.9564	9.7163	10.3787	10.5332	11.8240	12.0998	12.1505	12.6437
1319:
1320:	k	= 0.2264	0.3921 0.0000 ( 8768 PWs)	bands (ev):
 
1321:	-72.4028	-50.9328	-48.5451	-48.2881	-20.0829	-16.1742	-14.4481	-14.3021
1322:	-14.0242	-12.8744	-9.6758	-8.3260	-8.1826	-6.5681	-6.4190	-5.2663
1323:	-4.6667	-4.3813	-3.6209	-1.2538	0.6799	0.8258	1.9997	2.4161
1324:	2.7656	3.0554	3.5990	3.6619	3.9428	5.0698	5.3631	8.0783
1325:
1326:	8.2236	9.4363	10.9885	11.1429	11.3693	12.2167	12.4905	12.5382
1327:
1328:	k	= 0.2173	0.3765 0.0000 ( 8774 PWs)	bands (ev):
1329:	-72.5048	-50.9283	-48.3609	-48.1727	-20.1862	-15.6230	-15.1793	-15.0333
1330:	-14.4931	-13.3328	-9.8011	-7.7096	-7.5663	-6.0080	-5.9223	-5.8587
1331:	-5.5117	-5.2263	-3.4356	-0.6120	0.1352	0.2814	2.3966	2.5656
1332:	3.4537	3.7451	4.0681	4.2325	4.3848	4.5202	4.6701	8.4462
1333:
1334:	8.5916	9.2287	10.6289	11.4192	11.6288	11.6861	11.7869	13.2187
1335:
1336:
1337:	k

-72.6255	= 0.2083

-50.8626	0.3608 0.0000 ( 8798 PWs)

-48.4428 -47.7996 -20.2309	bands (ev):

-15.8883 -15.7423	

-15.0590
1338:	-15.0002	-13.7555	-9.9647 -7.0640 -6.9208	-6.5699 -6.3238	-6.0384
1339:	-5.4200	-5.2704	-3.2642 -0.4324 -0.2860	0.0720	2.3117	3.1687
1340:	3.3792	3.6723	4.2530	4.5324	4.5406	5.1199	5.4021	8.8866
1341:
1342:
1343:
1344:	9.0258

k	9.0410

= 0.1992	9.9157 10.6324 10.9007

0.3451 0.0000 ( 8810 PWs)	12.2888 12.4428

bands (ev):	13.9427
1345:	-72.7638	-50.7369	-48.5386 -47.4227	-20.2191	-16.5728	-16.4268	-15.5409
1346:	-14.4719	-14.1380	-10.1633 -7.1968	-7.1019	-6.8170	-6.3895	-6.2463
1347:	-4.8078	-4.6578	-3.1244 -1.0059	-0.8595	0.7940	2.1715	2.6199
1348:	2.9113	3.8064	4.9865	5.0156	5.3043	5.9004	6.1825	8.7779
1349:
1350:	9.2208	9.3654	9.5111	9.9166	10.1711	12.9682	13.1230	13.3078
1351:
1352:	k	= 0.1902	0.3294 0.0000 ( 8800 PWs)	bands (ev):
1353:	-72.9179	-50.5528	-48.6465	-47.0450	-20.1538	-17.2313	-17.0853	-16.0882
1354:	-14.4779	-13.8769	-10.3935	-7.8489	-7.7911	-7.5615	-5.6864	-5.5433
1355:	-4.1758	-4.0250	-3.0384	-1.5720	-1.4260	1.5383	1.8546	2.0347
1356:	2.1908	4.4365	5.4242	5.8265	6.1156	6.7159	6.9980	8.4212
1357:
1358:	8.6207	9.0813	9.3381	10.0179	10.1685	12.5986	12.7963	13.6923
1359:
1360:
1361:	k

-73.0857	= 0.1811

-50.3130	0.3137 0.0000 ( 8810 PWs)

-48.7653 -46.6690 -20.0389	bands (ev):

-17.8628 -17.7168	

-16.6361
1362:	-14.7708	-13.2736	-10.6509 -8.5583 -8.3526	-8.2712 -4.9553	-4.8123
1363:	-3.5363	-3.3836	-3.0301 -2.1123 -1.9679	1.1586	1.4478	1.8327
1364:	2.3921	5.0046	5.8404	6.6744	6.9637	7.5649	7.8473	7.9732
1365:
1366:
1367:
1368:	8.1003

k	8.4266

= 0.1721	8.6782 10.5783 10.7273

0.2980 0.0000 ( 8803 PWs)	11.9504 12.1459

bands (ev):	14.4223
1369:	-73.2648	-50.0205	-48.8934	-46.2971	-19.8797	-18.4664	-18.3205	-17.1770
1370:	-15.0149	-12.6651	-10.9301	-9.2342	-8.9495	-8.8675	-4.1966	-4.0537
1371:	-3.1186	-3.0235	-2.8636	-2.4893	-2.3519	0.4860	0.7781	1.6478
1372:	3.2109	5.3783	6.2310	7.4972	7.5439	7.6400	7.8273	7.8917
1373:
1374:	8.1464	8.4554	8.7365	10.9962	11.1752	11.5245	11.6899	15.0270
1375:
1376:
1377:	k

-73.4526	= 0.1630

-49.6790	0.2823 0.0000 ( 8803 PWs)

-49.0292 -45.9318 -19.6826	bands (ev):

-19.0416 -18.8957	

-17.7047
1378:	-15.2084	-12.0554	-11.2255 -9.8757 -9.5903	-9.3361 -3.4115	-3.3125
1379:	-3.2963	-3.2684	-3.1429 -2.0417 -1.8976	-0.1540	0.1385	1.3852
1380:	4.0746	5.3932	6.5943	7.0108	7.1363	7.3062	8.2179	8.4796
 
1381:
1382:
1383:
1384:	8.7686

k	9.3738

= 0.1540	9.6556 10.5906 10.7924

0.2667 0.0000 ( 8829 PWs)	11.9780 12.1215

bands (ev):	14.4348
1385:	-73.6464	-49.2926	-49.1709	-45.5753	-19.5879	-19.4556	-19.4420	-18.2150
1386:	-15.3496	-11.5360	-11.4451	-10.4828	-10.1973	-9.7482	-3.7741	-3.6226
1387:	-3.6093	-2.5989	-2.4562	-1.3506	-1.2041	-0.7600	-0.4675	0.9917
1388:	4.9578	5.1119	6.4309	6.7012	6.9265	6.9551	8.7466	9.4331
1389:
1390:	9.7223	10.0340	10.2380	10.3325	10.6128	12.5922	12.7400	13.9187
1391:
1392:
1393:	k

-73.8437	= 0.1449

-49.3167	0.2510 0.0000 ( 8821 PWs)

-48.8657 -45.2301 -20.1047	bands (ev):

-19.9588 -19.2092	

-18.7036
1394:	-15.4376	-11.8467	-11.0552 -10.8493 -10.7697	-10.0965 -4.2464	-4.0956
1395:	-4.0021	-1.7618	-1.6192 -1.3324 -1.0399	-0.6246 -0.4770	0.4452
1396:	4.6585	5.8660	5.9040	6.1410	6.9923	7.2681	9.4584	9.5189
1397:
1398:
1399:
1400:	9.7080

k	10.4221

= 0.1358	10.7115 11.3190 11.6007

0.2353 0.0000 ( 8831 PWs)	12.9172 13.1064

bands (ev):	13.7545
1401:	-74.0417	-49.4645	-48.4034	-44.8985	-20.5918	-20.4459	-19.1784	-18.9441
1402:	-15.4719	-12.1634	-11.5931	-11.3076	-10.3725	-10.2639	-4.6981	-4.5475
1403:	-4.4853	-1.8702	-1.5778	-0.9007	-0.7582	-0.2180	0.1187	0.2669
1404:	4.1769	5.3349	5.6085	6.8535	7.2884	7.5957	8.9995	9.2019
1405:
1406:	10.3011	11.4450	11.7344	12.3336	12.6045	12.6218	12.8326	14.2343
1407:
1408:	k	= 0.1268	0.2196 0.0000 ( 8845 PWs)	bands (ev):
1409:	-74.2381	-49.6126	-47.9109	-44.5826	-21.0488	-20.9029	-19.6162	-18.6942
1410:	-15.4527	-12.4806	-12.0964	-11.8108	-10.5658	-9.6977	-5.1251	-5.0568
1411:	-4.9746	-2.3737	-2.0816	-0.9295	-0.0171	0.1252	0.8734	1.0222
1412:	3.6835	4.8360	5.1097	7.7761	7.8176	7.9447	8.5348	8.7372
1413:
1414:	11.1515	12.1448	12.3723	12.5110	12.7990	13.4067	13.6875	14.4476
1415:
1416:
1417:	k

-74.4304	= 0.1177

-49.7590	0.2039 0.0000 ( 8847 PWs)

-47.3938 -44.2841 -21.4755	bands (ev):

-21.3296 -20.0311	

-18.4574
1418:	-15.3809	-12.7965	-12.5650 -12.2794 -10.6665	-9.1560 -5.7139	-5.5255
1419:	-5.3751	-2.8430	-2.5513 -1.6249	0.8865	1.0285	1.6333	1.7830
1420:	3.1925	4.3728	4.6465	8.1096	8.2790	8.3114	8.4287	8.8120
1421:
1422:
1423:
1424:	11.7116

k	11.9216

= 0.1087	11.9749 13.5988 13.8883

0.1882 0.0000 ( 8853 PWs)	14.0624 14.4412

bands (ev):	14.5039
1425:	-74.6165	-49.9019	-46.8586	-44.0049	-21.8714	-21.7255	-20.4186	-18.2492
1426:	-15.2585	-13.1103	-12.9989	-12.7134	-10.6656	-8.6444	-6.4468	-5.8984
1427:	-5.7481	-3.2779	-2.9869	-2.2614	1.8061	1.9478	2.3875	2.5389
1428:	2.7103	3.9508	4.2235	7.7327	7.9346	8.6734	9.1755	9.7724
1429:
1430:	11.3008	11.5225	12.4740	13.9442	14.1464	14.7236	14.9706	15.0328
1431:
1432:	k	= 0.0996	0.1725 0.0000 ( 8865 PWs)	bands (ev):
1433:	-74.7944	-50.0397	-46.3120	-43.7462	-22.2365	-22.0906	-20.7776	-18.0798
1434:	-15.0886	-13.4223	-13.3979	-13.1126	-10.5572	-8.1684	-7.2341	-6.2431
1435:	-6.0927	-3.6783	-3.3884	-2.8201	2.2329	2.7294	2.8715	3.0891
1436:	3.2546	3.6161	3.8752	7.4129	7.6139	9.1100	9.9951	10.6453
1437:
1438:	10.9233	11.1396	12.3739	13.8384	14.3442	14.7986	15.0241	15.3569
1439:
1440:	k	= 0.0906	0.1569 0.0000 ( 8881 PWs)	bands (ev):
 
1441:	-74.9624	-50.1709	-45.7614	-43.5091	-22.5706	-22.4247	-21.1073	-17.9543
1442:	-14.8758	-13.7630	-13.7326	-13.4771	-10.3405	-8.0485	-7.7292	-6.5588
1443:	-6.4084	-4.0440	-3.7556	-3.3005	1.7651	3.0960	3.3544	3.6678
1444:	3.8164	3.9685	4.1309	7.1729	7.3719	9.5994	10.5328	10.7426
1445:
1446:	10.9438	11.2071	11.9833	13.5790	14.2472	14.5748	14.7526	15.3906
1447:
1448:	k	= 0.0815	0.1412 0.0000 ( 8885 PWs)	bands (ev):
1449:	-75.1189	-50.2938	-45.2151	-43.2944	-22.8733	-22.7274	-21.4071	-17.8724
1450:	-14.6272	-14.0927	-14.0433	-13.8070	-10.0210	-8.8500	-7.3366	-6.8454
1451:	-6.6949	-4.3749	-4.0882	-3.7103	1.3013	2.8000	3.0704	4.4145
1452:	4.5699	4.7692	4.9186	7.0608	7.2551	10.1421	10.2412	10.4514
1453:
1454:	11.0467	11.5250	11.7291	13.3995	13.9717	14.5292	14.6161	15.7270
1455:
1456:	k	= 0.0724	0.1255 0.0000 ( 8909 PWs)	bands (ev):
1457:	-75.2624	-50.4073	-44.6821 -43.1026 -23.1446	-22.9987	-21.6764	-17.8290
1458:	-14.4103	-14.3876	-14.2962 -14.1021 -9.6140	-9.6077	-7.1024	-6.9876
1459:	-6.9519	-4.6709	-4.3859 -4.0590	0.8380	2.5121	2.7841	4.8846
1460:	5.0532	5.6967	5.8417	7.1618	7.3470	9.9558	10.1590	10.2812
1461:
1462:	10.7413	11.0982	12.2901 13.4094 13.7184	14.4881	15.3277	15.4787
1463:
1464:	k	= 0.0634	0.1098 0.0000 ( 8917 PWs)	bands (ev):
1465:	-75.3918	-50.5102	-44.1725	-42.9340	-23.3844	-23.2385	-21.9150	-17.8160
1466:	-14.6926	-14.6480	-14.3626	-14.0342	-10.3064	-9.1214	-7.3297	-7.1792
1467:	-6.6841	-4.9320	-4.6486	-4.3547	0.3714	2.2540	2.5266	5.0914
1468:	5.2726	6.6434	6.7870	7.5324	7.7084	9.3419	9.7094	9.9060
1469:
1470:	10.6129	11.4696	12.3945	13.4081	13.5953	14.9040	15.2380	15.3816
1471:
1472:	k	= 0.0543	0.0941 0.0000 ( 8925 PWs)	bands (ev):
1473:	-75.5059	-50.6014	-43.6970	-42.7885	-23.5924	-23.4465	-22.1224	-17.8244
1474:	-15.0152	-14.8738	-14.5883	-13.7260	-10.9126	-8.5742	-7.5269	-7.3764
1475:	-6.4259	-5.1582	-4.8762	-4.6035	-0.1022	2.0288	2.3017	5.1140
1476:	5.3034	7.5724	7.7161	8.0938	8.2675	8.4074	9.5058	9.7036
1477:
1478:	10.2363	12.2020	12.3009	13.2201	13.5150	14.9956	15.1393	15.7050
1479:
1480:
1481:	k

-75.6040	= 0.0453

-50.6800	0.0784 0.0000 ( 8923 PWs)

-43.2669 -42.6660 -23.7686	bands (ev):

-23.6227 -22.2983	

-17.8457
1482:	-15.3350	-15.0649	-14.7793 -13.4214 -11.4180	-7.9880 -7.6941	-7.5435
1483:	-6.2117	-5.3496	-5.0685 -4.8094 -0.5842	1.8376	2.1107	5.0558
1484:	5.2495	7.5465	8.4195	8.5752	8.6900	8.8654	9.4007	9.6370
1485:
1486:
1487:
1488:	9.9687

k	12.1708

= 0.0362	12.9938 13.0467 13.3961

0.0627 0.0000 ( 8927 PWs)	14.7497 14.8932

bands (ev):	15.5602
1489:	-75.6852	-50.7454	-42.8940	-42.5663	-23.9129	-23.7670	-22.4426	-17.8724
1490:	-15.6369	-15.2211	-14.9356	-13.1374	-11.8188	-7.8310	-7.6804	-7.3864
1491:	-6.0391	-5.5061	-5.2258	-4.9752	-1.0716	1.6809	1.9541	4.9755
1492:	5.1714	6.7955	8.7178	8.9502	9.3525	9.4531	9.5837	9.9574
1493:
1494:	10.1199	12.0520	12.8953	13.2811	13.8293	14.4885	14.6316	15.2456
1495:
1496:	k	= 0.0272	0.0471 0.0000 ( 8947 PWs)	bands (ev):
1497:	-75.7490	-50.7968	-42.5899 -42.4887 -24.0252	-23.8793	-22.5551	-17.8988
1498:	-15.9018	-15.3427	-15.0571 -12.8916 -12.1183	-7.9376	-7.7870	-6.8007
1499:	-5.9049	-5.6277	-5.3480 -5.1027 -1.5518	1.5589	1.8321	4.8995
1500:	5.0966	6.1808	8.5873	8.9281	9.3423	10.1791	10.3215	10.6064
 
1501:
1502:
1503:
1504:	10.7559

k	11.9543

= 0.0181	12.7794 13.1859 14.2035

0.0314 0.0000 ( 8929 PWs)	14.3461 14.6677

bands (ev):	14.8633
1505:	-75.7948	-50.8339	-42.4358	-42.3618	-24.1055	-23.9596 -22.6355	-17.9206
1506:	-16.1092	-15.4295	-15.1439	-12.7020	-12.3227	-8.0137 -7.8631	-6.2817
1507:	-5.8018	-5.7143	-5.4352	-5.1932	-1.9939	1.4716	1.7449	4.8398
1508:	5.0376	5.7239	8.4251	8.8704	9.2522	10.8868 11.0288	11.2842
1509:
1510:	11.4330	11.8827	12.6959	13.1150	13.8953	14.0373 14.4184	14.5684
1511:
1512:
1513:	k

-75.8225	= 0.0091

-50.8563	0.0157 0.0000 ( 8933 PWs)

-42.4024 -42.2233 -24.1536	bands (ev):

-24.0078 -22.6838	

-17.9348
1514:	-16.2415	-15.4816	-15.1960 -12.5871 -12.4361	-8.0595 -7.9089	-5.9322
1515:	-5.7678	-5.6993	-5.4877 -5.2475 -2.3326	1.4192	1.6925	4.8023
1516:	5.0004	5.4421	8.3121	8.8294	9.1952	11.4652 11.6071	11.8303
1517:
1518:
1519:
1520:	11.8457

k	11.9866

= 0.0000	12.6446 13.0698 13.6081

0.0000 0.0000 ( 8953 PWs)	13.7495 13.9764

bands (ev):	14.1252
1521:	-75.8317	-50.8638	-42.3914	-42.1763	-24.1697	-24.0238	-22.6999	-17.9398
1522:	-16.2869	-15.4990	-15.2134	-12.5565	-12.4643	-8.0747	-7.9241	-5.8406
1523:	-5.7851	-5.6193	-5.5055	-5.2657	-2.4659	1.4018	1.6751	4.7895
1524:	4.9877	5.3469	8.2722	8.8151	9.1762	11.7247	11.8237	11.8671
1525:
1526:	12.0711	12.2203	12.6262	13.0529	13.4853	13.6265	13.7442	13.8927
1527:	Writing Output data file mOs2.save\ 1528:
1529:	init_run	:	13.67s	CPU	8.13s	WALL	(	1	calls)
1530:
1531:
1532:	electrOns	:	1861.88s

Called by init_run:	CPU	321.40s	WALL	(	1	calls)
1533:	wfcinit	:	0.05s	CPU	0.02s	WALL	(	1	calls)
1534:	wfcinit:atOm :	2.38s	CPU	0.48s	WALL	(	91	calls)
1535:	wfcinit:wfcr :	64.47s	CPU	11.82s	WALL	(	91	calls)
1536:	pOtinit	:	2.20s	CPU	0.48s	WALL	(	1	calls)
1537:
1538:
1539:	hinit0	:	7.58s

Called by electrOns:	CPU	6.42s	WALL	(	1	calls)
1540:	c_bands	:	1861.66s	CPU	321.37s	WALL	(	1	calls)
1541:	v_Of_rhO	:	1.80s	CPU	0.41s	WALL	(	1	calls)
1542:	v_h	:	0.12s	CPU	0.02s	WALL	(	1	calls)
1543:	v_xc	:	1.67s	CPU	0.39s	WALL	(	1	calls)
1544:
1545:
1546:	newd	:	3.69s

Called by c_bands:	CPU	1.00s	WALL	(	1	calls)
1547:	init_us_2	:	1.58s	CPU	0.20s	WALL	(	91	calls)
1548:
1549:
1550:
1551:
1552:	cegterg	:	1760.73s Called by sum_band:
Called by *egterg:	CPU	303.26s	WALL	(	221	calls)
1553:	h_psi	:	1145.12s	CPU	203.01s	WALL	(	3911	calls)
1554:	s_psi	:	26.44s	CPU	6.46s	WALL	(	3911	calls)
1555:	g_psi	:	32.56s	CPU	3.41s	WALL	(	3599	calls)
1556:	cdiaghg	:	155.16s	CPU	25.43s	WALL	(	3690	calls)
1557:	cegterg:Over :	160.55s	CPU	28.65s	WALL	(	3599	calls)
1558:	cegterg:upda :	140.23s	CPU	23.10s	WALL	(	3599	calls)
1559:
1560:	cegterg:last :	83.47s	CPU	13.31s	WALL	(	627	calls)
 
1561:	Called by h_psi:	
1562:	h_psi:pOt	:	1126.66s	CPU	199.86s	WALL	(	3911	calls)
1563:	h_psi:calbec :	25.05s	CPU	6.41s	WALL	(	3911	calls)
1564:	vlOc_psi	:	1067.25s	CPU	187.60s	WALL	(	3911	calls)
1565:	add_vuspsi	:	34.17s	CPU	5.81s	WALL	(	3911	calls)
1566:							
1567:	General rOutines						
1568:	calbec	:	24.94s	CPU	6.38s	WALL	(	3911	calls)
1569:	fft	:	0.25s	CPU	0.15s	WALL	(	13	calls)
1570:	ffts	:	0.00s	CPU	0.00s	WALL	(	1	calls)
1571:	fftw	:	332.17s	CPU	117.77s	WALL	(	148604	calls)
1572:	interpOlate :	0.11s	CPU	0.01s	WALL	(	1	calls)
1573:	davciO	:	3.02s	CPU	1.12s	WALL	(	182	calls)
1574:							
1575:	Parallel rOutines						
1576:							
1577:	PWSCF	: 31m23.23s	CPU	5m38.61s	WALL			
1578:							
1579:							
1580:	This run was terminated On: 13:28:26	5Dec2025 1581:
1582: =	=
1583:	JOB DONE.
1584: =	=
1585:
